#
# There is insufficient memory for the Java Runtime Environment to continue.
# Native memory allocation (mmap) failed to map 77594624 bytes for Failed to commit area from 0x000000008e700000 to 0x0000000093100000 of length 77594624.
# Possible reasons:
#   The system is out of physical RAM or swap space
#   The process is running with CompressedOops enabled, and the Java Heap may be blocking the growth of the native heap
# Possible solutions:
#   Reduce memory load on the system
#   Increase physical memory or swap space
#   Check if swap backing store is full
#   Decrease Java heap size (-Xmx/-Xms)
#   Decrease number of Java threads
#   Decrease Java thread stack sizes (-Xss)
#   Set larger code cache with -XX:ReservedCodeCacheSize=
#   JVM is running with Unscaled Compressed Oops mode in which the Java heap is
#     placed in the first 4GB address space. The Java Heap base address is the
#     maximum limit for the native heap growth. Please use -XX:HeapBaseMinAddress
#     to set the Java Heap base and to place the Java Heap above 4GB virtual address.
# This output file may be truncated or incomplete.
#
#  Out of Memory Error (./src/hotspot/os/windows/os_windows.cpp:3303), pid=12456, tid=3020
#
# JRE version: OpenJDK Runtime Environment (11.0.8+10) (build 11.0.8+10-b944.6842174)
# Java VM: OpenJDK 64-Bit Server VM (11.0.8+10-b944.6842174, mixed mode, tiered, compressed oops, g1 gc, windows-amd64)
# No core dump will be written. Minidumps are not enabled by default on client versions of Windows
#

---------------  S U M M A R Y ------------

Command Line: --add-opens=java.base/java.util=ALL-UNNAMED --add-opens=java.base/java.lang=ALL-UNNAMED --add-opens=java.base/java.lang.invoke=ALL-UNNAMED --add-opens=java.prefs/java.util.prefs=ALL-UNNAMED -Xmx2048m -Dfile.encoding=UTF-8 -Duser.country=PL -Duser.language=pl -Duser.variant org.gradle.launcher.daemon.bootstrap.GradleDaemon 6.5

Host: Intel(R) Core(TM) i5-8250U CPU @ 1.60GHz, 8 cores, 7G,  Windows 10 , 64 bit Build 19041 (10.0.19041.1023)
Time: Wed Jun 16 16:19:35 2021 Œrodkowoeuropejski czas letni elapsed time: 3884 seconds (0d 1h 4m 44s)

---------------  T H R E A D  ---------------

Current thread (0x00000269bd3c1800):  VMThread "VM Thread" [stack: 0x00000087bf200000,0x00000087bf300000] [id=3020]

Stack: [0x00000087bf200000,0x00000087bf300000]
[error occurred during error reporting (printing stack bounds), id 0xc0000005, EXCEPTION_ACCESS_VIOLATION (0xc0000005) at pc=0x00000269a6270dad]

Native frames: (J=compiled Java code, j=interpreted, Vv=VM code, C=native code)
V  [jvm.dll+0x5de50a]
V  [jvm.dll+0x7122f5]
V  [jvm.dll+0x71384d]
V  [jvm.dll+0x713e65]
V  [jvm.dll+0x713e1b]
V  [jvm.dll+0x5dd958]
V  [jvm.dll+0x5de0f8]
C  [ntdll.dll+0xa217f]
C  [ntdll.dll+0x51454]
C  [ntdll.dll+0xa0cae]
C  0x00000269a6270dad

VM_Operation (0x00000087c2cfea70): G1CollectForAllocation, mode: safepoint, requested by thread 0x00000269cc15f000


---------------  P R O C E S S  ---------------

Threads class SMR info:
_java_thread_list=0x00000269c6061c00, length=69, elements={
0x00000269a10be800, 0x00000269bd3c6000, 0x00000269bd3cf000, 0x00000269bd3e0800,
0x00000269bd3e1800, 0x00000269bd3e3800, 0x00000269bd3e6800, 0x00000269bd3e7800,
0x00000269bdeb9000, 0x00000269bdeba800, 0x00000269bf551000, 0x00000269bf666000,
0x00000269bf68b800, 0x00000269bf71e800, 0x00000269bf720000, 0x00000269bf721800,
0x00000269c1466800, 0x00000269c1467800, 0x00000269be09b800, 0x00000269be093800,
0x00000269be094000, 0x00000269be095000, 0x00000269be096000, 0x00000269be09a800,
0x00000269be09c800, 0x00000269be09d000, 0x00000269be097800, 0x00000269be09e000,
0x00000269be098000, 0x00000269be09f000, 0x00000269be09a000, 0x00000269be09f800,
0x00000269be0a0800, 0x00000269be0a1000, 0x00000269be0a2000, 0x00000269c1469000,
0x00000269c146a000, 0x00000269c4069800, 0x00000269c406f000, 0x00000269c4074000,
0x00000269c4071000, 0x00000269c4075800, 0x00000269c4070000, 0x00000269c4071800,
0x00000269c4075000, 0x00000269c4072800, 0x00000269c4073800, 0x00000269cc157000,
0x00000269cc158000, 0x00000269cc158800, 0x00000269cc15b000, 0x00000269cc15c000,
0x00000269cc156000, 0x00000269cc15e800, 0x00000269c146b000, 0x00000269c1465000,
0x00000269c146b800, 0x00000269c1466000, 0x00000269c146d800, 0x00000269c146c800,
0x00000269c146e000, 0x00000269c1473000, 0x00000269c1471800, 0x00000269c1472000,
0x00000269cc159800, 0x00000269cc15a800, 0x00000269cc15f000, 0x00000269cc160000,
0x00000269cc161000
}

Java Threads: ( => current thread )
  0x00000269a10be800 JavaThread "main" [_thread_blocked, id=8536, stack(0x00000087bec00000,0x00000087bed00000)]
  0x00000269bd3c6000 JavaThread "Reference Handler" daemon [_thread_blocked, id=10868, stack(0x00000087bf300000,0x00000087bf400000)]
  0x00000269bd3cf000 JavaThread "Finalizer" daemon [_thread_blocked, id=1756, stack(0x00000087bf400000,0x00000087bf500000)]
  0x00000269bd3e0800 JavaThread "Signal Dispatcher" daemon [_thread_blocked, id=3476, stack(0x00000087bf500000,0x00000087bf600000)]
  0x00000269bd3e1800 JavaThread "Attach Listener" daemon [_thread_blocked, id=12100, stack(0x00000087bf600000,0x00000087bf700000)]
  0x00000269bd3e3800 JavaThread "C2 CompilerThread0" daemon [_thread_blocked, id=2160, stack(0x00000087bf700000,0x00000087bf800000)]
  0x00000269bd3e6800 JavaThread "C1 CompilerThread0" daemon [_thread_blocked, id=15800, stack(0x00000087bf800000,0x00000087bf900000)]
  0x00000269bd3e7800 JavaThread "Sweeper thread" daemon [_thread_blocked, id=17756, stack(0x00000087bf900000,0x00000087bfa00000)]
  0x00000269bdeb9000 JavaThread "Common-Cleaner" daemon [_thread_blocked, id=3268, stack(0x00000087bfa00000,0x00000087bfb00000)]
  0x00000269bdeba800 JavaThread "Service Thread" daemon [_thread_blocked, id=7088, stack(0x00000087bfb00000,0x00000087bfc00000)]
  0x00000269bf551000 JavaThread "Daemon health stats" [_thread_blocked, id=7236, stack(0x00000087bfd00000,0x00000087bfe00000)]
  0x00000269bf666000 JavaThread "Incoming local TCP Connector on port 51573" [_thread_in_native, id=10856, stack(0x00000087c0200000,0x00000087c0300000)]
  0x00000269bf68b800 JavaThread "Daemon periodic checks" [_thread_blocked, id=18672, stack(0x00000087c0300000,0x00000087c0400000)]
  0x00000269bf71e800 JavaThread "Cache worker for journal cache (C:\Users\piotr\.gradle\caches\journal-1)" [_thread_blocked, id=2436, stack(0x00000087c0b00000,0x00000087c0c00000)]
  0x00000269bf720000 JavaThread "File lock request listener" [_thread_in_native, id=14608, stack(0x00000087c0c00000,0x00000087c0d00000)]
  0x00000269bf721800 JavaThread "Cache worker for file hash cache (C:\Users\piotr\.gradle\caches\6.5\fileHashes)" [_thread_blocked, id=15664, stack(0x00000087c1200000,0x00000087c1300000)]
  0x00000269c1466800 JavaThread "Cache worker for execution history cache (C:\Users\piotr\.gradle\caches\6.5\executionHistory)" [_thread_blocked, id=17852, stack(0x00000087c2e00000,0x00000087c2f00000)]
  0x00000269c1467800 JavaThread "Cache worker for file content cache (C:\Users\piotr\.gradle\caches\6.5\fileContent)" [_thread_blocked, id=20216, stack(0x00000087c2f00000,0x00000087c3000000)]
  0x00000269be09b800 JavaThread "Memory manager" [_thread_blocked, id=18152, stack(0x00000087c9500000,0x00000087c9600000)]
  0x00000269be093800 JavaThread "Daemon Thread 3" [_thread_blocked, id=1440, stack(0x00000087be900000,0x00000087bea00000)]
  0x00000269be094000 JavaThread "Handler for socket connection from /127.0.0.1:51573 to /127.0.0.1:65015" [_thread_in_native, id=14308, stack(0x00000087c0000000,0x00000087c0100000)]
  0x00000269be095000 JavaThread "Cancel handler" [_thread_blocked, id=13896, stack(0x00000087c0100000,0x00000087c0200000)]
  0x00000269be096000 JavaThread "Daemon worker Thread 2" [_thread_blocked, id=15236, stack(0x00000087c0400000,0x00000087c0500000)]
  0x00000269be09a800 JavaThread "Asynchronous log dispatcher for DefaultDaemonConnection: socket connection from /127.0.0.1:51573 to /127.0.0.1:65015" [_thread_blocked, id=20420, stack(0x00000087c0600000,0x00000087c0700000)]
  0x00000269be09c800 JavaThread "Thread-157" [_thread_blocked, id=9812, stack(0x00000087c0800000,0x00000087c0900000)]
  0x00000269be09d000 JavaThread "Cache worker for file hash cache (C:\AndroidStudioProjects\MedCabinetApp\.gradle\6.5\fileHashes)" [_thread_blocked, id=16828, stack(0x00000087c0900000,0x00000087c0a00000)]
  0x00000269be097800 JavaThread "Cache worker for checksums cache (C:\AndroidStudioProjects\MedCabinetApp\.gradle\checksums)" [_thread_blocked, id=9816, stack(0x00000087c0a00000,0x00000087c0b00000)]
  0x00000269be09e000 JavaThread "Cache worker for cache directory md-supplier (C:\Users\piotr\.gradle\caches\6.5\md-supplier)" [_thread_blocked, id=9208, stack(0x00000087c1400000,0x00000087c1500000)]
  0x00000269be098000 JavaThread "Cache worker for cache directory md-rule (C:\Users\piotr\.gradle\caches\6.5\md-rule)" [_thread_blocked, id=2156, stack(0x00000087c1500000,0x00000087c1600000)]
  0x00000269be09f000 JavaThread "Build operations" [_thread_blocked, id=18988, stack(0x00000087c1700000,0x00000087c1800000)]
  0x00000269be09a000 JavaThread "Build operations Thread 2" [_thread_blocked, id=15868, stack(0x00000087c1800000,0x00000087c1900000)]
  0x00000269be09f800 JavaThread "Build operations Thread 3" [_thread_blocked, id=880, stack(0x00000087c1900000,0x00000087c1a00000)]
  0x00000269be0a0800 JavaThread "Build operations Thread 4" [_thread_blocked, id=11284, stack(0x00000087c1a00000,0x00000087c1b00000)]
  0x00000269be0a1000 JavaThread "Build operations Thread 5" [_thread_blocked, id=17040, stack(0x00000087c1b00000,0x00000087c1c00000)]
  0x00000269be0a2000 JavaThread "Build operations Thread 6" [_thread_blocked, id=5644, stack(0x00000087c1c00000,0x00000087c1d00000)]
  0x00000269c1469000 JavaThread "Build operations Thread 7" [_thread_blocked, id=14232, stack(0x00000087c1d00000,0x00000087c1e00000)]
  0x00000269c146a000 JavaThread "Build operations Thread 8" [_thread_blocked, id=14780, stack(0x00000087c1e00000,0x00000087c1f00000)]
  0x00000269c4069800 JavaThread "Cache worker for Build Output Cleanup Cache (C:\AndroidStudioProjects\MedCabinetApp\.gradle\buildOutputCleanup)" [_thread_blocked, id=11032, stack(0x00000087c9200000,0x00000087c9300000)]
  0x00000269c406f000 JavaThread "Cache worker for file content cache (C:\AndroidStudioProjects\MedCabinetApp\.gradle\6.5\fileContent)" [_thread_blocked, id=15220, stack(0x00000087c9300000,0x00000087c9400000)]
  0x00000269c4074000 JavaThread "Execution worker for ':'" [_thread_blocked, id=9736, stack(0x00000087c9400000,0x00000087c9500000)]
  0x00000269c4071000 JavaThread "Execution worker for ':' Thread 2" [_thread_blocked, id=17780, stack(0x00000087c9600000,0x00000087c9700000)]
  0x00000269c4075800 JavaThread "Execution worker for ':' Thread 3" [_thread_blocked, id=13996, stack(0x00000087c9700000,0x00000087c9800000)]
  0x00000269c4070000 JavaThread "Execution worker for ':' Thread 4" [_thread_blocked, id=16048, stack(0x00000087c9800000,0x00000087c9900000)]
  0x00000269c4071800 JavaThread "Execution worker for ':' Thread 5" [_thread_blocked, id=4012, stack(0x00000087c9900000,0x00000087c9a00000)]
  0x00000269c4075000 JavaThread "Execution worker for ':' Thread 6" [_thread_blocked, id=18488, stack(0x00000087c9a00000,0x00000087c9b00000)]
  0x00000269c4072800 JavaThread "Execution worker for ':' Thread 7" [_thread_blocked, id=10112, stack(0x00000087c9b00000,0x00000087c9c00000)]
  0x00000269c4073800 JavaThread "Cache worker for execution history cache (C:\AndroidStudioProjects\MedCabinetApp\.gradle\6.5\executionHistory)" [_thread_blocked, id=14108, stack(0x00000087c9c00000,0x00000087c9d00000)]
  0x00000269cc157000 JavaThread "RMI Scheduler(0)" daemon [_thread_blocked, id=6064, stack(0x00000087c9d00000,0x00000087c9e00000)]
  0x00000269cc158000 JavaThread "RMI GC Daemon" daemon [_thread_blocked, id=11104, stack(0x00000087c9f00000,0x00000087ca000000)]
  0x00000269cc158800 JavaThread "RMI TCP Accept-0" daemon [_thread_in_native, id=5552, stack(0x00000087ca000000,0x00000087ca100000)]
  0x00000269cc15b000 JavaThread "RMI Reaper" [_thread_blocked, id=18776, stack(0x00000087ca100000,0x00000087ca200000)]
  0x00000269cc15c000 JavaThread "RMI TCP Connection(2)-127.0.0.1" daemon [_thread_in_native, id=6788, stack(0x00000087ca200000,0x00000087ca300000)]
  0x00000269cc156000 JavaThread "Cache worker for Java compile cache (C:\Users\piotr\.gradle\caches\6.5\javaCompile)" [_thread_blocked, id=18508, stack(0x00000087c0700000,0x00000087c0800000)]
  0x00000269cc15e800 JavaThread "Cache worker for Java compile cache (C:\AndroidStudioProjects\MedCabinetApp\.gradle\6.5\javaCompile)" [_thread_blocked, id=15400, stack(0x00000087ca300000,0x00000087ca400000)]
  0x00000269c146b000 JavaThread "WorkerExecutor Queue" [_thread_blocked, id=9444, stack(0x00000087c1600000,0x00000087c1700000)]
  0x00000269c1465000 JavaThread "WorkerExecutor Queue Thread 2" [_thread_blocked, id=13308, stack(0x00000087c1f00000,0x00000087c2000000)]
  0x00000269c146b800 JavaThread "WorkerExecutor Queue Thread 3" [_thread_blocked, id=19556, stack(0x00000087c2000000,0x00000087c2100000)]
  0x00000269c1466000 JavaThread "WorkerExecutor Queue Thread 4" [_thread_blocked, id=9396, stack(0x00000087c2100000,0x00000087c2200000)]
  0x00000269c146d800 JavaThread "WorkerExecutor Queue Thread 5" [_thread_blocked, id=16892, stack(0x00000087c2200000,0x00000087c2300000)]
  0x00000269c146c800 JavaThread "WorkerExecutor Queue Thread 6" [_thread_blocked, id=2628, stack(0x00000087c2300000,0x00000087c2400000)]
  0x00000269c146e000 JavaThread "WorkerExecutor Queue Thread 8" [_thread_blocked, id=15004, stack(0x00000087c2500000,0x00000087c2600000)]
  0x00000269c1473000 JavaThread "ForkJoinPool-2-worker-3" daemon [_thread_blocked, id=10900, stack(0x00000087c2700000,0x00000087c2800000)]
  0x00000269c1471800 JavaThread "ForkJoinPool-2-worker-5" daemon [_thread_blocked, id=11680, stack(0x00000087c2800000,0x00000087c2900000)]
  0x00000269c1472000 JavaThread "ForkJoinPool-2-worker-7" daemon [_thread_blocked, id=16068, stack(0x00000087c2900000,0x00000087c2a00000)]
  0x00000269cc159800 JavaThread "ForkJoinPool-2-worker-9" daemon [_thread_blocked, id=19724, stack(0x00000087c2a00000,0x00000087c2b00000)]
  0x00000269cc15a800 JavaThread "ForkJoinPool-2-worker-11" daemon [_thread_blocked, id=7540, stack(0x00000087c2b00000,0x00000087c2c00000)]
  0x00000269cc15f000 JavaThread "ForkJoinPool-2-worker-13" daemon [_thread_blocked, id=11652, stack(0x00000087c2c00000,0x00000087c2d00000)]
  0x00000269cc160000 JavaThread "ForkJoinPool-2-worker-15" daemon [_thread_blocked, id=11872, stack(0x00000087c2d00000,0x00000087c2e00000)]
  0x00000269cc161000 JavaThread "ForkJoinPool-2-worker-1" daemon [_thread_blocked, id=12964, stack(0x00000087c3000000,0x00000087c3100000)]

Other Threads:
=>0x00000269bd3c1800 VMThread "VM Thread" [stack: 0x00000087bf200000,0x00000087bf300000] [id=3020]
  0x00000269bdebd000 WatcherThread [stack: 0x00000087bfc00000,0x00000087bfd00000] [id=5124]
  0x00000269a10d5000 GCTaskThread "GC Thread#0" [stack: 0x00000087bed00000,0x00000087bee00000] [id=8436]
  0x00000269bddea800 GCTaskThread "GC Thread#1" [stack: 0x00000087bfe00000,0x00000087bff00000] [id=8600]
  0x00000269bdde9800 GCTaskThread "GC Thread#2" [stack: 0x00000087bff00000,0x00000087c0000000] [id=1956]
  0x00000269bddeb000 GCTaskThread "GC Thread#3" [stack: 0x00000087c0d00000,0x00000087c0e00000] [id=18668]
  0x00000269bddec000 GCTaskThread "GC Thread#4" [stack: 0x00000087c0e00000,0x00000087c0f00000] [id=3244]
  0x00000269bdded000 GCTaskThread "GC Thread#5" [stack: 0x00000087c0f00000,0x00000087c1000000] [id=17012]
  0x00000269bdde6800 GCTaskThread "GC Thread#6" [stack: 0x00000087c1000000,0x00000087c1100000] [id=6136]
  0x00000269bddec800 GCTaskThread "GC Thread#7" [stack: 0x00000087c1100000,0x00000087c1200000] [id=11224]
  0x00000269a1105800 ConcurrentGCThread "G1 Main Marker" [stack: 0x00000087bee00000,0x00000087bef00000] [id=18604]
  0x00000269a110b000 ConcurrentGCThread "G1 Conc#0" [stack: 0x00000087bef00000,0x00000087bf000000] [id=19904]
  0x00000269bddee000 ConcurrentGCThread "G1 Conc#1" [stack: 0x00000087c1300000,0x00000087c1400000] [id=3424]
  0x00000269bd210800 ConcurrentGCThread "G1 Refine#0" [stack: 0x00000087bf000000,0x00000087bf100000] [id=20084]
  0x00000269c34c8000 ConcurrentGCThread "G1 Refine#1" [stack: 0x00000087bea00000,0x00000087beb00000] [id=18652]
  0x00000269c34c6800 ConcurrentGCThread "G1 Refine#2" [stack: 0x00000087beb00000,0x00000087bec00000] [id=1068]
  0x00000269c34c8800 ConcurrentGCThread "G1 Refine#3" [stack: 0x00000087c0500000,0x00000087c0600000] [id=15072]
  0x00000269bd211800 ConcurrentGCThread "G1 Young RemSet Sampling" [stack: 0x00000087bf100000,0x00000087bf200000] [id=5144]

Threads with active compile tasks:
C2 CompilerThread03884472 18401       4       com.android.tools.r8.ir.conversion.N::a (39 bytes)
C1 CompilerThread03884472 18716       2       com.android.tools.r8.code.v1::a (4137 bytes)

VM state:at safepoint (normal execution)

VM Mutex/Monitor currently owned by a thread:  ([mutex/lock_event])
[0x00000269a109a410] Threads_lock - owner thread: 0x00000269bd3c1800
[0x00000269a109ae30] Heap_lock - owner thread: 0x00000269cc15f000

Heap address: 0x0000000080000000, size: 2048 MB, Compressed Oops mode: 32-bit
Narrow klass base: 0x0000000000000000, Narrow klass shift: 3
Compressed class space size: 1073741824 Address: 0x0000000100000000

Heap:
 garbage-first heap   total 312320K, used 187707K [0x0000000080000000, 0x0000000100000000)
  region size 1024K, 3 young (3072K), 3 survivors (3072K)
 Metaspace       used 150224K, capacity 154178K, committed 154320K, reserved 1183744K
  class space    used 19439K, capacity 20845K, committed 20864K, reserved 1048576K
Heap Regions: E=young(eden), S=young(survivor), O=old, HS=humongous(starts), HC=humongous(continues), CS=collection set, F=free, A=archive, TAMS=top-at-mark-start (previous, next)
|   0|0x0000000080000000, 0x0000000080100000, 0x0000000080100000|100%| O|  |TAMS 0x0000000080100000, 0x0000000080100000| Untracked 
|   1|0x0000000080100000, 0x0000000080200000, 0x0000000080200000|100%| O|  |TAMS 0x0000000080200000, 0x0000000080200000| Untracked 
|   2|0x0000000080200000, 0x0000000080300000, 0x0000000080300000|100%| O|  |TAMS 0x0000000080300000, 0x0000000080300000| Untracked 
|   3|0x0000000080300000, 0x0000000080400000, 0x0000000080400000|100%|HS|  |TAMS 0x0000000080400000, 0x0000000080400000| Complete 
|   4|0x0000000080400000, 0x0000000080500000, 0x0000000080500000|100%|HC|  |TAMS 0x0000000080500000, 0x0000000080500000| Complete 
|   5|0x0000000080500000, 0x0000000080600000, 0x0000000080600000|100%|HC|  |TAMS 0x0000000080600000, 0x0000000080600000| Complete 
|   6|0x0000000080600000, 0x0000000080700000, 0x0000000080700000|100%| O|  |TAMS 0x0000000080700000, 0x0000000080700000| Untracked 
|   7|0x0000000080700000, 0x0000000080800000, 0x0000000080800000|100%| O|  |TAMS 0x0000000080800000, 0x0000000080800000| Untracked 
|   8|0x0000000080800000, 0x0000000080900000, 0x0000000080900000|100%| O|  |TAMS 0x0000000080900000, 0x0000000080900000| Untracked 
|   9|0x0000000080900000, 0x0000000080a00000, 0x0000000080a00000|100%| O|  |TAMS 0x0000000080a00000, 0x0000000080a00000| Untracked 
|  10|0x0000000080a00000, 0x0000000080b00000, 0x0000000080b00000|100%| O|  |TAMS 0x0000000080b00000, 0x0000000080b00000| Untracked 
|  11|0x0000000080b00000, 0x0000000080c00000, 0x0000000080c00000|100%| O|  |TAMS 0x0000000080c00000, 0x0000000080c00000| Untracked 
|  12|0x0000000080c00000, 0x0000000080d00000, 0x0000000080d00000|100%| O|  |TAMS 0x0000000080d00000, 0x0000000080d00000| Untracked 
|  13|0x0000000080d00000, 0x0000000080e00000, 0x0000000080e00000|100%| O|  |TAMS 0x0000000080e00000, 0x0000000080e00000| Untracked 
|  14|0x0000000080e00000, 0x0000000080f00000, 0x0000000080f00000|100%| O|  |TAMS 0x0000000080f00000, 0x0000000080f00000| Untracked 
|  15|0x0000000080f00000, 0x0000000081000000, 0x0000000081000000|100%| O|  |TAMS 0x0000000081000000, 0x0000000081000000| Untracked 
|  16|0x0000000081000000, 0x0000000081100000, 0x0000000081100000|100%| O|  |TAMS 0x0000000081100000, 0x0000000081100000| Untracked 
|  17|0x0000000081100000, 0x0000000081200000, 0x0000000081200000|100%|HS|  |TAMS 0x0000000081200000, 0x0000000081200000| Complete 
|  18|0x0000000081200000, 0x0000000081300000, 0x0000000081300000|100%|HC|  |TAMS 0x0000000081300000, 0x0000000081300000| Complete 
|  19|0x0000000081300000, 0x0000000081400000, 0x0000000081400000|100%|HS|  |TAMS 0x0000000081400000, 0x0000000081400000| Complete 
|  20|0x0000000081400000, 0x0000000081500000, 0x0000000081500000|100%|HC|  |TAMS 0x0000000081500000, 0x0000000081500000| Complete 
|  21|0x0000000081500000, 0x0000000081600000, 0x0000000081600000|100%|HC|  |TAMS 0x0000000081600000, 0x0000000081600000| Complete 
|  22|0x0000000081600000, 0x0000000081700000, 0x0000000081700000|100%|HS|  |TAMS 0x0000000081700000, 0x0000000081700000| Complete 
|  23|0x0000000081700000, 0x0000000081800000, 0x0000000081800000|100%|HC|  |TAMS 0x0000000081800000, 0x0000000081800000| Complete 
|  24|0x0000000081800000, 0x0000000081900000, 0x0000000081900000|100%|HC|  |TAMS 0x0000000081900000, 0x0000000081900000| Complete 
|  25|0x0000000081900000, 0x0000000081a00000, 0x0000000081a00000|100%|HC|  |TAMS 0x0000000081a00000, 0x0000000081a00000| Complete 
|  26|0x0000000081a00000, 0x0000000081b00000, 0x0000000081b00000|100%| O|  |TAMS 0x0000000081b00000, 0x0000000081b00000| Untracked 
|  27|0x0000000081b00000, 0x0000000081c00000, 0x0000000081c00000|100%| O|  |TAMS 0x0000000081c00000, 0x0000000081c00000| Untracked 
|  28|0x0000000081c00000, 0x0000000081d00000, 0x0000000081d00000|100%| O|  |TAMS 0x0000000081d00000, 0x0000000081d00000| Untracked 
|  29|0x0000000081d00000, 0x0000000081e00000, 0x0000000081e00000|100%| O|  |TAMS 0x0000000081e00000, 0x0000000081e00000| Untracked 
|  30|0x0000000081e00000, 0x0000000081f00000, 0x0000000081f00000|100%| O|  |TAMS 0x0000000081f00000, 0x0000000081f00000| Untracked 
|  31|0x0000000081f00000, 0x0000000082000000, 0x0000000082000000|100%| O|  |TAMS 0x0000000082000000, 0x0000000082000000| Untracked 
|  32|0x0000000082000000, 0x0000000082100000, 0x0000000082100000|100%| O|  |TAMS 0x0000000082100000, 0x0000000082100000| Untracked 
|  33|0x0000000082100000, 0x0000000082200000, 0x0000000082200000|100%| O|  |TAMS 0x0000000082200000, 0x0000000082200000| Untracked 
|  34|0x0000000082200000, 0x0000000082300000, 0x0000000082300000|100%| O|  |TAMS 0x0000000082300000, 0x0000000082300000| Untracked 
|  35|0x0000000082300000, 0x0000000082400000, 0x0000000082400000|100%| O|  |TAMS 0x0000000082400000, 0x0000000082400000| Untracked 
|  36|0x0000000082400000, 0x0000000082500000, 0x0000000082500000|100%| O|  |TAMS 0x0000000082500000, 0x0000000082500000| Untracked 
|  37|0x0000000082500000, 0x0000000082600000, 0x0000000082600000|100%| O|  |TAMS 0x0000000082600000, 0x0000000082600000| Untracked 
|  38|0x0000000082600000, 0x0000000082700000, 0x0000000082700000|100%| O|  |TAMS 0x0000000082700000, 0x0000000082700000| Untracked 
|  39|0x0000000082700000, 0x0000000082800000, 0x0000000082800000|100%| O|  |TAMS 0x0000000082800000, 0x0000000082800000| Untracked 
|  40|0x0000000082800000, 0x0000000082900000, 0x0000000082900000|100%| O|  |TAMS 0x0000000082900000, 0x0000000082900000| Untracked 
|  41|0x0000000082900000, 0x0000000082a00000, 0x0000000082a00000|100%|HS|  |TAMS 0x0000000082a00000, 0x0000000082a00000| Complete 
|  42|0x0000000082a00000, 0x0000000082b00000, 0x0000000082b00000|100%|HS|  |TAMS 0x0000000082b00000, 0x0000000082b00000| Complete 
|  43|0x0000000082b00000, 0x0000000082c00000, 0x0000000082c00000|100%|HC|  |TAMS 0x0000000082c00000, 0x0000000082c00000| Complete 
|  44|0x0000000082c00000, 0x0000000082d00000, 0x0000000082d00000|100%|HC|  |TAMS 0x0000000082d00000, 0x0000000082d00000| Complete 
|  45|0x0000000082d00000, 0x0000000082e00000, 0x0000000082e00000|100%|HS|  |TAMS 0x0000000082e00000, 0x0000000082e00000| Complete 
|  46|0x0000000082e00000, 0x0000000082f00000, 0x0000000082f00000|100%|HC|  |TAMS 0x0000000082f00000, 0x0000000082f00000| Complete 
|  47|0x0000000082f00000, 0x0000000083000000, 0x0000000083000000|100%| O|  |TAMS 0x0000000083000000, 0x0000000083000000| Untracked 
|  48|0x0000000083000000, 0x0000000083100000, 0x0000000083100000|100%| O|  |TAMS 0x0000000083100000, 0x0000000083100000| Untracked 
|  49|0x0000000083100000, 0x0000000083200000, 0x0000000083200000|100%| O|  |TAMS 0x0000000083200000, 0x0000000083200000| Untracked 
|  50|0x0000000083200000, 0x0000000083300000, 0x0000000083300000|100%| O|  |TAMS 0x0000000083300000, 0x0000000083300000| Untracked 
|  51|0x0000000083300000, 0x0000000083400000, 0x0000000083400000|100%| O|  |TAMS 0x0000000083400000, 0x0000000083400000| Untracked 
|  52|0x0000000083400000, 0x0000000083500000, 0x0000000083500000|100%| O|  |TAMS 0x0000000083500000, 0x0000000083500000| Untracked 
|  53|0x0000000083500000, 0x0000000083600000, 0x0000000083600000|100%| O|  |TAMS 0x0000000083600000, 0x0000000083600000| Untracked 
|  54|0x0000000083600000, 0x0000000083700000, 0x0000000083700000|100%| O|  |TAMS 0x0000000083700000, 0x0000000083700000| Untracked 
|  55|0x0000000083700000, 0x0000000083800000, 0x0000000083800000|100%|HS|  |TAMS 0x0000000083700000, 0x0000000083800000| Complete 
|  56|0x0000000083800000, 0x0000000083900000, 0x0000000083900000|100%| O|  |TAMS 0x0000000083900000, 0x0000000083900000| Untracked 
|  57|0x0000000083900000, 0x0000000083a00000, 0x0000000083a00000|100%| O|  |TAMS 0x0000000083a00000, 0x0000000083a00000| Untracked 
|  58|0x0000000083a00000, 0x0000000083b00000, 0x0000000083b00000|100%| O|  |TAMS 0x0000000083b00000, 0x0000000083b00000| Untracked 
|  59|0x0000000083b00000, 0x0000000083c00000, 0x0000000083c00000|100%| O|  |TAMS 0x0000000083c00000, 0x0000000083c00000| Untracked 
|  60|0x0000000083c00000, 0x0000000083d00000, 0x0000000083d00000|100%| O|  |TAMS 0x0000000083d00000, 0x0000000083d00000| Untracked 
|  61|0x0000000083d00000, 0x0000000083e00000, 0x0000000083e00000|100%| O|  |TAMS 0x0000000083e00000, 0x0000000083e00000| Untracked 
|  62|0x0000000083e00000, 0x0000000083f00000, 0x0000000083f00000|100%| O|  |TAMS 0x0000000083f00000, 0x0000000083f00000| Untracked 
|  63|0x0000000083f00000, 0x0000000084000000, 0x0000000084000000|100%| O|  |TAMS 0x0000000084000000, 0x0000000084000000| Untracked 
|  64|0x0000000084000000, 0x0000000084100000, 0x0000000084100000|100%| O|  |TAMS 0x0000000084100000, 0x0000000084100000| Untracked 
|  65|0x0000000084100000, 0x0000000084200000, 0x0000000084200000|100%| O|  |TAMS 0x0000000084200000, 0x0000000084200000| Untracked 
|  66|0x0000000084200000, 0x0000000084300000, 0x0000000084300000|100%| O|  |TAMS 0x0000000084300000, 0x0000000084300000| Untracked 
|  67|0x0000000084300000, 0x0000000084400000, 0x0000000084400000|100%| O|  |TAMS 0x0000000084400000, 0x0000000084400000| Untracked 
|  68|0x0000000084400000, 0x0000000084500000, 0x0000000084500000|100%| O|  |TAMS 0x0000000084500000, 0x0000000084500000| Untracked 
|  69|0x0000000084500000, 0x0000000084600000, 0x0000000084600000|100%| O|  |TAMS 0x0000000084600000, 0x0000000084600000| Untracked 
|  70|0x0000000084600000, 0x0000000084700000, 0x0000000084700000|100%| O|  |TAMS 0x0000000084700000, 0x0000000084700000| Untracked 
|  71|0x0000000084700000, 0x0000000084800000, 0x0000000084800000|100%| O|  |TAMS 0x0000000084800000, 0x0000000084800000| Untracked 
|  72|0x0000000084800000, 0x0000000084900000, 0x0000000084900000|100%| O|  |TAMS 0x0000000084900000, 0x0000000084900000| Untracked 
|  73|0x0000000084900000, 0x0000000084a00000, 0x0000000084a00000|100%|HS|  |TAMS 0x0000000084900000, 0x0000000084a00000| Complete 
|  74|0x0000000084a00000, 0x0000000084b00000, 0x0000000084b00000|100%| O|  |TAMS 0x0000000084b00000, 0x0000000084b00000| Untracked 
|  75|0x0000000084b00000, 0x0000000084c00000, 0x0000000084c00000|100%| O|  |TAMS 0x0000000084c00000, 0x0000000084c00000| Untracked 
|  76|0x0000000084c00000, 0x0000000084d00000, 0x0000000084d00000|100%| O|  |TAMS 0x0000000084d00000, 0x0000000084d00000| Untracked 
|  77|0x0000000084d00000, 0x0000000084e00000, 0x0000000084e00000|100%| O|  |TAMS 0x0000000084e00000, 0x0000000084e00000| Untracked 
|  78|0x0000000084e00000, 0x0000000084f00000, 0x0000000084f00000|100%| O|  |TAMS 0x0000000084f00000, 0x0000000084f00000| Untracked 
|  79|0x0000000084f00000, 0x0000000085000000, 0x0000000085000000|100%| O|  |TAMS 0x0000000084f00000, 0x0000000085000000| Untracked 
|  80|0x0000000085000000, 0x0000000085100000, 0x0000000085100000|100%|HS|  |TAMS 0x0000000085100000, 0x0000000085100000| Complete 
|  81|0x0000000085100000, 0x0000000085200000, 0x0000000085200000|100%|HC|  |TAMS 0x0000000085200000, 0x0000000085200000| Complete 
|  82|0x0000000085200000, 0x0000000085300000, 0x0000000085300000|100%| O|  |TAMS 0x0000000085300000, 0x0000000085300000| Untracked 
|  83|0x0000000085300000, 0x0000000085400000, 0x0000000085400000|100%| O|  |TAMS 0x0000000085400000, 0x0000000085400000| Untracked 
|  84|0x0000000085400000, 0x0000000085500000, 0x0000000085500000|100%| O|  |TAMS 0x0000000085500000, 0x0000000085500000| Untracked 
|  85|0x0000000085500000, 0x0000000085600000, 0x0000000085600000|100%| O|  |TAMS 0x0000000085600000, 0x0000000085600000| Untracked 
|  86|0x0000000085600000, 0x0000000085700000, 0x0000000085700000|100%| O|  |TAMS 0x0000000085700000, 0x0000000085700000| Untracked 
|  87|0x0000000085700000, 0x0000000085800000, 0x0000000085800000|100%| O|  |TAMS 0x0000000085800000, 0x0000000085800000| Untracked 
|  88|0x0000000085800000, 0x0000000085900000, 0x0000000085900000|100%| O|  |TAMS 0x0000000085900000, 0x0000000085900000| Untracked 
|  89|0x0000000085900000, 0x0000000085a00000, 0x0000000085a00000|100%| O|  |TAMS 0x0000000085900000, 0x0000000085a00000| Untracked 
|  90|0x0000000085a00000, 0x0000000085b00000, 0x0000000085b00000|100%| O|  |TAMS 0x0000000085b00000, 0x0000000085b00000| Untracked 
|  91|0x0000000085b00000, 0x0000000085c00000, 0x0000000085c00000|100%|HS|  |TAMS 0x0000000085b00000, 0x0000000085c00000| Complete 
|  92|0x0000000085c00000, 0x0000000085d00000, 0x0000000085d00000|100%| O|  |TAMS 0x0000000085d00000, 0x0000000085d00000| Untracked 
|  93|0x0000000085d00000, 0x0000000085e00000, 0x0000000085e00000|100%| O|  |TAMS 0x0000000085d00000, 0x0000000085e00000| Untracked 
|  94|0x0000000085e00000, 0x0000000085f00000, 0x0000000085f00000|100%| O|  |TAMS 0x0000000085f00000, 0x0000000085f00000| Untracked 
|  95|0x0000000085f00000, 0x0000000086000000, 0x0000000086000000|100%| O|  |TAMS 0x0000000086000000, 0x0000000086000000| Untracked 
|  96|0x0000000086000000, 0x0000000086100000, 0x0000000086100000|100%| O|  |TAMS 0x0000000086100000, 0x0000000086100000| Untracked 
|  97|0x0000000086100000, 0x0000000086200000, 0x0000000086200000|100%| O|  |TAMS 0x0000000086100000, 0x0000000086200000| Untracked 
|  98|0x0000000086200000, 0x0000000086300000, 0x0000000086300000|100%| O|  |TAMS 0x0000000086300000, 0x0000000086300000| Untracked 
|  99|0x0000000086300000, 0x0000000086400000, 0x0000000086400000|100%| O|  |TAMS 0x0000000086400000, 0x0000000086400000| Untracked 
| 100|0x0000000086400000, 0x0000000086500000, 0x0000000086500000|100%| O|  |TAMS 0x0000000086500000, 0x0000000086500000| Untracked 
| 101|0x0000000086500000, 0x0000000086600000, 0x0000000086600000|100%|HS|  |TAMS 0x0000000086600000, 0x0000000086600000| Complete 
| 102|0x0000000086600000, 0x0000000086700000, 0x0000000086700000|100%|HC|  |TAMS 0x0000000086700000, 0x0000000086700000| Complete 
| 103|0x0000000086700000, 0x0000000086800000, 0x0000000086800000|100%|HC|  |TAMS 0x0000000086800000, 0x0000000086800000| Complete 
| 104|0x0000000086800000, 0x0000000086900000, 0x0000000086900000|100%| O|  |TAMS 0x0000000086900000, 0x0000000086900000| Untracked 
| 105|0x0000000086900000, 0x0000000086a00000, 0x0000000086a00000|100%| O|  |TAMS 0x0000000086a00000, 0x0000000086a00000| Untracked 
| 106|0x0000000086a00000, 0x0000000086b00000, 0x0000000086b00000|100%| O|  |TAMS 0x0000000086b00000, 0x0000000086b00000| Untracked 
| 107|0x0000000086b00000, 0x0000000086c00000, 0x0000000086c00000|100%| O|  |TAMS 0x0000000086c00000, 0x0000000086c00000| Untracked 
| 108|0x0000000086c00000, 0x0000000086d00000, 0x0000000086d00000|100%| O|  |TAMS 0x0000000086d00000, 0x0000000086d00000| Untracked 
| 109|0x0000000086d00000, 0x0000000086e00000, 0x0000000086e00000|100%| O|  |TAMS 0x0000000086e00000, 0x0000000086e00000| Untracked 
| 110|0x0000000086e00000, 0x0000000086f00000, 0x0000000086f00000|100%| O|  |TAMS 0x0000000086f00000, 0x0000000086f00000| Untracked 
| 111|0x0000000086f00000, 0x0000000087000000, 0x0000000087000000|100%| O|  |TAMS 0x0000000087000000, 0x0000000087000000| Untracked 
| 112|0x0000000087000000, 0x0000000087100000, 0x0000000087100000|100%| O|  |TAMS 0x0000000087100000, 0x0000000087100000| Untracked 
| 113|0x0000000087100000, 0x0000000087200000, 0x0000000087200000|100%| O|  |TAMS 0x0000000087200000, 0x0000000087200000| Untracked 
| 114|0x0000000087200000, 0x0000000087300000, 0x0000000087300000|100%| O|  |TAMS 0x0000000087300000, 0x0000000087300000| Untracked 
| 115|0x0000000087300000, 0x0000000087400000, 0x0000000087400000|100%| O|  |TAMS 0x0000000087400000, 0x0000000087400000| Untracked 
| 116|0x0000000087400000, 0x0000000087500000, 0x0000000087500000|100%| O|  |TAMS 0x0000000087500000, 0x0000000087500000| Untracked 
| 117|0x0000000087500000, 0x0000000087600000, 0x0000000087600000|100%| O|  |TAMS 0x0000000087600000, 0x0000000087600000| Untracked 
| 118|0x0000000087600000, 0x0000000087700000, 0x0000000087700000|100%| O|  |TAMS 0x0000000087700000, 0x0000000087700000| Untracked 
| 119|0x0000000087700000, 0x0000000087800000, 0x0000000087800000|100%| O|  |TAMS 0x0000000087800000, 0x0000000087800000| Untracked 
| 120|0x0000000087800000, 0x0000000087900000, 0x0000000087900000|100%| O|  |TAMS 0x0000000087900000, 0x0000000087900000| Untracked 
| 121|0x0000000087900000, 0x0000000087a00000, 0x0000000087a00000|100%| O|  |TAMS 0x000000008797d600, 0x0000000087a00000| Untracked 
| 122|0x0000000087a00000, 0x0000000087b00000, 0x0000000087b00000|100%| O|  |TAMS 0x0000000087a00000, 0x0000000087b00000| Untracked 
| 123|0x0000000087b00000, 0x0000000087c00000, 0x0000000087c00000|100%| O|  |TAMS 0x0000000087b00000, 0x0000000087c00000| Untracked 
| 124|0x0000000087c00000, 0x0000000087d00000, 0x0000000087d00000|100%| O|  |TAMS 0x0000000087c00000, 0x0000000087d00000| Untracked 
| 125|0x0000000087d00000, 0x0000000087e00000, 0x0000000087e00000|100%| O|  |TAMS 0x0000000087d00000, 0x0000000087e00000| Untracked 
| 126|0x0000000087e00000, 0x0000000087f00000, 0x0000000087f00000|100%|HS|  |TAMS 0x0000000087e00000, 0x0000000087f00000| Complete 
| 127|0x0000000087f00000, 0x0000000088000000, 0x0000000088000000|100%|HC|  |TAMS 0x0000000087f00000, 0x0000000088000000| Complete 
| 128|0x0000000088000000, 0x0000000088100000, 0x0000000088100000|100%|HS|  |TAMS 0x0000000088000000, 0x0000000088100000| Complete 
| 129|0x0000000088100000, 0x0000000088200000, 0x0000000088200000|100%|HC|  |TAMS 0x0000000088100000, 0x0000000088200000| Complete 
| 130|0x0000000088200000, 0x0000000088300000, 0x0000000088300000|100%|HS|  |TAMS 0x0000000088200000, 0x0000000088300000| Complete 
| 131|0x0000000088300000, 0x0000000088400000, 0x0000000088400000|100%|HC|  |TAMS 0x0000000088300000, 0x0000000088400000| Complete 
| 132|0x0000000088400000, 0x0000000088500000, 0x0000000088500000|100%| O|  |TAMS 0x0000000088400000, 0x0000000088500000| Untracked 
| 133|0x0000000088500000, 0x0000000088600000, 0x0000000088600000|100%| O|  |TAMS 0x0000000088500000, 0x0000000088600000| Untracked 
| 134|0x0000000088600000, 0x0000000088700000, 0x0000000088700000|100%|HS|  |TAMS 0x0000000088600000, 0x0000000088700000| Complete 
| 135|0x0000000088700000, 0x0000000088800000, 0x0000000088800000|100%|HC|  |TAMS 0x0000000088700000, 0x0000000088800000| Complete 
| 136|0x0000000088800000, 0x0000000088900000, 0x0000000088900000|100%| O|  |TAMS 0x0000000088800000, 0x0000000088900000| Untracked 
| 137|0x0000000088900000, 0x0000000088a00000, 0x0000000088a00000|100%| O|  |TAMS 0x0000000088900000, 0x0000000088a00000| Untracked 
| 138|0x0000000088a00000, 0x0000000088b00000, 0x0000000088b00000|100%|HS|  |TAMS 0x0000000088a00000, 0x0000000088b00000| Complete 
| 139|0x0000000088b00000, 0x0000000088c00000, 0x0000000088c00000|100%|HC|  |TAMS 0x0000000088b00000, 0x0000000088c00000| Complete 
| 140|0x0000000088c00000, 0x0000000088d00000, 0x0000000088d00000|100%| O|  |TAMS 0x0000000088c00000, 0x0000000088d00000| Untracked 
| 141|0x0000000088d00000, 0x0000000088e00000, 0x0000000088e00000|100%| O|  |TAMS 0x0000000088d00000, 0x0000000088e00000| Untracked 
| 142|0x0000000088e00000, 0x0000000088f00000, 0x0000000088f00000|100%|HS|  |TAMS 0x0000000088e00000, 0x0000000088f00000| Complete 
| 143|0x0000000088f00000, 0x0000000089000000, 0x0000000089000000|100%|HC|  |TAMS 0x0000000088f00000, 0x0000000089000000| Complete 
| 144|0x0000000089000000, 0x0000000089100000, 0x0000000089100000|100%|HS|  |TAMS 0x0000000089000000, 0x0000000089100000| Complete 
| 145|0x0000000089100000, 0x0000000089200000, 0x0000000089200000|100%| O|  |TAMS 0x0000000089100000, 0x0000000089200000| Untracked 
| 146|0x0000000089200000, 0x0000000089300000, 0x0000000089300000|100%| O|  |TAMS 0x0000000089200000, 0x0000000089300000| Untracked 
| 147|0x0000000089300000, 0x0000000089400000, 0x0000000089400000|100%| O|  |TAMS 0x0000000089300000, 0x0000000089400000| Untracked 
| 148|0x0000000089400000, 0x0000000089500000, 0x0000000089500000|100%| O|  |TAMS 0x0000000089400000, 0x0000000089500000| Untracked 
| 149|0x0000000089500000, 0x0000000089600000, 0x0000000089600000|100%| O|  |TAMS 0x0000000089500000, 0x0000000089600000| Untracked 
| 150|0x0000000089600000, 0x0000000089700000, 0x0000000089700000|100%| O|  |TAMS 0x0000000089600000, 0x0000000089700000| Untracked 
| 151|0x0000000089700000, 0x0000000089800000, 0x0000000089800000|100%| O|  |TAMS 0x0000000089700000, 0x0000000089800000| Untracked 
| 152|0x0000000089800000, 0x0000000089900000, 0x0000000089900000|100%| O|  |TAMS 0x0000000089800000, 0x0000000089900000| Untracked 
| 153|0x0000000089900000, 0x0000000089a00000, 0x0000000089a00000|100%| O|  |TAMS 0x0000000089900000, 0x0000000089a00000| Untracked 
| 154|0x0000000089a00000, 0x0000000089b00000, 0x0000000089b00000|100%| O|  |TAMS 0x0000000089a00000, 0x0000000089b00000| Untracked 
| 155|0x0000000089b00000, 0x0000000089c00000, 0x0000000089c00000|100%| O|  |TAMS 0x0000000089b00000, 0x0000000089c00000| Untracked 
| 156|0x0000000089c00000, 0x0000000089d00000, 0x0000000089d00000|100%| O|  |TAMS 0x0000000089c00000, 0x0000000089d00000| Untracked 
| 157|0x0000000089d00000, 0x0000000089e00000, 0x0000000089e00000|100%| O|  |TAMS 0x0000000089d00000, 0x0000000089e00000| Untracked 
| 158|0x0000000089e00000, 0x0000000089f00000, 0x0000000089f00000|100%| O|  |TAMS 0x0000000089e00000, 0x0000000089e00000| Untracked 
| 159|0x0000000089f00000, 0x000000008a000000, 0x000000008a000000|100%| O|  |TAMS 0x0000000089f00000, 0x0000000089f00000| Untracked 
| 160|0x000000008a000000, 0x000000008a100000, 0x000000008a100000|100%| O|  |TAMS 0x000000008a000000, 0x000000008a000000| Untracked 
| 161|0x000000008a100000, 0x000000008a200000, 0x000000008a200000|100%| O|  |TAMS 0x000000008a100000, 0x000000008a100000| Untracked 
| 162|0x000000008a200000, 0x000000008a300000, 0x000000008a300000|100%| O|  |TAMS 0x000000008a200000, 0x000000008a200000| Untracked 
| 163|0x000000008a300000, 0x000000008a400000, 0x000000008a400000|100%| O|  |TAMS 0x000000008a300000, 0x000000008a300000| Untracked 
| 164|0x000000008a400000, 0x000000008a500000, 0x000000008a500000|100%| O|  |TAMS 0x000000008a400000, 0x000000008a400000| Untracked 
| 165|0x000000008a500000, 0x000000008a600000, 0x000000008a600000|100%| O|  |TAMS 0x000000008a500000, 0x000000008a500000| Untracked 
| 166|0x000000008a600000, 0x000000008a700000, 0x000000008a700000|100%| O|  |TAMS 0x000000008a600000, 0x000000008a600000| Untracked 
| 167|0x000000008a700000, 0x000000008a800000, 0x000000008a800000|100%| O|  |TAMS 0x000000008a700000, 0x000000008a700000| Untracked 
| 168|0x000000008a800000, 0x000000008a900000, 0x000000008a900000|100%|HS|  |TAMS 0x000000008a800000, 0x000000008a800000| Complete 
| 169|0x000000008a900000, 0x000000008aa00000, 0x000000008aa00000|100%| O|  |TAMS 0x000000008a900000, 0x000000008a900000| Untracked 
| 170|0x000000008aa00000, 0x000000008ab00000, 0x000000008ab00000|100%| O|  |TAMS 0x000000008aa00000, 0x000000008aa00000| Untracked 
| 171|0x000000008ab00000, 0x000000008ac00000, 0x000000008ac00000|100%| O|  |TAMS 0x000000008ab00000, 0x000000008ab00000| Untracked 
| 172|0x000000008ac00000, 0x000000008ad00000, 0x000000008ad00000|100%| O|  |TAMS 0x000000008ac00000, 0x000000008ac00000| Untracked 
| 173|0x000000008ad00000, 0x000000008ae00000, 0x000000008ae00000|100%| O|  |TAMS 0x000000008ad00000, 0x000000008ad00000| Untracked 
| 174|0x000000008ae00000, 0x000000008af00000, 0x000000008af00000|100%| O|  |TAMS 0x000000008ae00000, 0x000000008ae00000| Untracked 
| 175|0x000000008af00000, 0x000000008b000000, 0x000000008b000000|100%| O|  |TAMS 0x000000008af00000, 0x000000008af00000| Untracked 
| 176|0x000000008b000000, 0x000000008b100000, 0x000000008b100000|100%| O|  |TAMS 0x000000008b000000, 0x000000008b000000| Untracked 
| 177|0x000000008b100000, 0x000000008b200000, 0x000000008b200000|100%| O|  |TAMS 0x000000008b100000, 0x000000008b100000| Untracked 
| 178|0x000000008b200000, 0x000000008b300000, 0x000000008b300000|100%| O|  |TAMS 0x000000008b200000, 0x000000008b200000| Untracked 
| 179|0x000000008b300000, 0x000000008b34ec00, 0x000000008b400000| 30%| O|  |TAMS 0x000000008b300000, 0x000000008b300000| Untracked 
| 180|0x000000008b400000, 0x000000008b400000, 0x000000008b500000|  0%| F|  |TAMS 0x000000008b400000, 0x000000008b400000| Untracked 
| 181|0x000000008b500000, 0x000000008b500000, 0x000000008b600000|  0%| F|  |TAMS 0x000000008b500000, 0x000000008b500000| Untracked 
| 182|0x000000008b600000, 0x000000008b600000, 0x000000008b700000|  0%| F|  |TAMS 0x000000008b600000, 0x000000008b600000| Untracked 
| 183|0x000000008b700000, 0x000000008b700000, 0x000000008b800000|  0%| F|  |TAMS 0x000000008b700000, 0x000000008b700000| Untracked 
| 184|0x000000008b800000, 0x000000008b800000, 0x000000008b900000|  0%| F|  |TAMS 0x000000008b800000, 0x000000008b800000| Untracked 
| 185|0x000000008b900000, 0x000000008b900000, 0x000000008ba00000|  0%| F|  |TAMS 0x000000008b900000, 0x000000008b900000| Untracked 
| 186|0x000000008ba00000, 0x000000008ba00000, 0x000000008bb00000|  0%| F|  |TAMS 0x000000008ba00000, 0x000000008ba00000| Untracked 
| 187|0x000000008bb00000, 0x000000008bb00000, 0x000000008bc00000|  0%| F|  |TAMS 0x000000008bb00000, 0x000000008bb00000| Untracked 
| 188|0x000000008bc00000, 0x000000008bc00000, 0x000000008bd00000|  0%| F|  |TAMS 0x000000008bc00000, 0x000000008bc00000| Untracked 
| 189|0x000000008bd00000, 0x000000008bd00000, 0x000000008be00000|  0%| F|  |TAMS 0x000000008bd00000, 0x000000008bd00000| Untracked 
| 190|0x000000008be00000, 0x000000008be00000, 0x000000008bf00000|  0%| F|  |TAMS 0x000000008be00000, 0x000000008be00000| Untracked 
| 191|0x000000008bf00000, 0x000000008bf00000, 0x000000008c000000|  0%| F|  |TAMS 0x000000008bf00000, 0x000000008bf00000| Untracked 
| 192|0x000000008c000000, 0x000000008c000000, 0x000000008c100000|  0%| F|  |TAMS 0x000000008c000000, 0x000000008c000000| Untracked 
| 193|0x000000008c100000, 0x000000008c100000, 0x000000008c200000|  0%| F|  |TAMS 0x000000008c100000, 0x000000008c100000| Untracked 
| 194|0x000000008c200000, 0x000000008c200000, 0x000000008c300000|  0%| F|  |TAMS 0x000000008c200000, 0x000000008c200000| Untracked 
| 195|0x000000008c300000, 0x000000008c300000, 0x000000008c400000|  0%| F|  |TAMS 0x000000008c300000, 0x000000008c300000| Untracked 
| 196|0x000000008c400000, 0x000000008c400000, 0x000000008c500000|  0%| F|  |TAMS 0x000000008c400000, 0x000000008c400000| Untracked 
| 197|0x000000008c500000, 0x000000008c500000, 0x000000008c600000|  0%| F|  |TAMS 0x000000008c500000, 0x000000008c500000| Untracked 
| 198|0x000000008c600000, 0x000000008c600000, 0x000000008c700000|  0%| F|  |TAMS 0x000000008c600000, 0x000000008c600000| Untracked 
| 199|0x000000008c700000, 0x000000008c700000, 0x000000008c800000|  0%| F|  |TAMS 0x000000008c700000, 0x000000008c700000| Untracked 
| 200|0x000000008c800000, 0x000000008c800000, 0x000000008c900000|  0%| F|  |TAMS 0x000000008c800000, 0x000000008c800000| Untracked 
| 201|0x000000008c900000, 0x000000008c900000, 0x000000008ca00000|  0%| F|  |TAMS 0x000000008c900000, 0x000000008c900000| Untracked 
| 202|0x000000008ca00000, 0x000000008ca00000, 0x000000008cb00000|  0%| F|  |TAMS 0x000000008ca00000, 0x000000008ca00000| Untracked 
| 203|0x000000008cb00000, 0x000000008cb00000, 0x000000008cc00000|  0%| F|  |TAMS 0x000000008cb00000, 0x000000008cb00000| Untracked 
| 204|0x000000008cc00000, 0x000000008cc00000, 0x000000008cd00000|  0%| F|  |TAMS 0x000000008cc00000, 0x000000008cc00000| Untracked 
| 205|0x000000008cd00000, 0x000000008cd00000, 0x000000008ce00000|  0%| F|  |TAMS 0x000000008cd00000, 0x000000008cd00000| Untracked 
| 206|0x000000008ce00000, 0x000000008ce00000, 0x000000008cf00000|  0%| F|  |TAMS 0x000000008ce00000, 0x000000008ce00000| Untracked 
| 207|0x000000008cf00000, 0x000000008cf00000, 0x000000008d000000|  0%| F|  |TAMS 0x000000008cf00000, 0x000000008cf00000| Untracked 
| 208|0x000000008d000000, 0x000000008d100000, 0x000000008d100000|100%| S|CS|TAMS 0x000000008d000000, 0x000000008d000000| Complete 
| 209|0x000000008d100000, 0x000000008d100000, 0x000000008d200000|  0%| F|  |TAMS 0x000000008d100000, 0x000000008d100000| Untracked 
| 210|0x000000008d200000, 0x000000008d200000, 0x000000008d300000|  0%| F|  |TAMS 0x000000008d200000, 0x000000008d200000| Untracked 
| 211|0x000000008d300000, 0x000000008d400000, 0x000000008d400000|100%| S|CS|TAMS 0x000000008d300000, 0x000000008d300000| Complete 
| 212|0x000000008d400000, 0x000000008d500000, 0x000000008d500000|100%| S|CS|TAMS 0x000000008d400000, 0x000000008d400000| Complete 
| 213|0x000000008d500000, 0x000000008d500000, 0x000000008d600000|  0%| F|  |TAMS 0x000000008d500000, 0x000000008d500000| Untracked 
| 214|0x000000008d600000, 0x000000008d600000, 0x000000008d700000|  0%| F|  |TAMS 0x000000008d600000, 0x000000008d600000| Untracked 
| 215|0x000000008d700000, 0x000000008d700000, 0x000000008d800000|  0%| F|  |TAMS 0x000000008d700000, 0x000000008d700000| Untracked 
| 216|0x000000008d800000, 0x000000008d800000, 0x000000008d900000|  0%| F|  |TAMS 0x000000008d800000, 0x000000008d800000| Untracked 
| 217|0x000000008d900000, 0x000000008d900000, 0x000000008da00000|  0%| F|  |TAMS 0x000000008d900000, 0x000000008d900000| Untracked 
| 218|0x000000008da00000, 0x000000008da00000, 0x000000008db00000|  0%| F|  |TAMS 0x000000008da00000, 0x000000008da00000| Untracked 
| 219|0x000000008db00000, 0x000000008db00000, 0x000000008dc00000|  0%| F|  |TAMS 0x000000008db00000, 0x000000008db00000| Untracked 
| 220|0x000000008dc00000, 0x000000008dc00000, 0x000000008dd00000|  0%| F|  |TAMS 0x000000008dc00000, 0x000000008dc00000| Untracked 
| 221|0x000000008dd00000, 0x000000008dd00000, 0x000000008de00000|  0%| F|  |TAMS 0x000000008dd00000, 0x000000008dd00000| Untracked 
| 222|0x000000008de00000, 0x000000008de00000, 0x000000008df00000|  0%| F|  |TAMS 0x000000008de00000, 0x000000008de00000| Untracked 
| 223|0x000000008df00000, 0x000000008df00000, 0x000000008e000000|  0%| F|  |TAMS 0x000000008df00000, 0x000000008df00000| Untracked 
| 224|0x000000008e000000, 0x000000008e000000, 0x000000008e100000|  0%| F|  |TAMS 0x000000008e000000, 0x000000008e000000| Untracked 
| 225|0x000000008e100000, 0x000000008e100000, 0x000000008e200000|  0%| F|  |TAMS 0x000000008e100000, 0x000000008e100000| Untracked 
| 226|0x000000008e200000, 0x000000008e200000, 0x000000008e300000|  0%| F|  |TAMS 0x000000008e200000, 0x000000008e200000| Untracked 
| 227|0x000000008e300000, 0x000000008e300000, 0x000000008e400000|  0%| F|  |TAMS 0x000000008e300000, 0x000000008e300000| Untracked 
| 228|0x000000008e400000, 0x000000008e400000, 0x000000008e500000|  0%| F|  |TAMS 0x000000008e400000, 0x000000008e400000| Untracked 
| 229|0x000000008e500000, 0x000000008e500000, 0x000000008e600000|  0%| F|  |TAMS 0x000000008e500000, 0x000000008e500000| Untracked 
| 230|0x000000008e600000, 0x000000008e700000, 0x000000008e700000|100%| O|  |TAMS 0x000000008e600000, 0x000000008e700000| Untracked 

Card table byte_map: [0x00000269b60d0000,0x00000269b64d0000] _byte_map_base: 0x00000269b5cd0000

Marking Bits (Prev, Next): (CMBitMap*) 0x00000269a10fce60, (CMBitMap*) 0x00000269a10fce28
 Prev Bits: [0x00000269b88d0000, 0x00000269ba8d0000)
 Next Bits: [0x00000269b68d0000, 0x00000269b88d0000)

Polling page: 0x00000269a0f50000

Metaspace:

Usage:
  Non-class:    130.21 MB capacity,   127.72 MB ( 98%) used,     2.08 MB (  2%) free+waste,   417.44 KB ( <1%) overhead. 
      Class:     20.36 MB capacity,    18.98 MB ( 93%) used,     1.18 MB (  6%) free+waste,   196.00 KB ( <1%) overhead. 
       Both:    150.56 MB capacity,   146.70 MB ( 97%) used,     3.26 MB (  2%) free+waste,   613.44 KB ( <1%) overhead. 

Virtual space:
  Non-class space:      132.00 MB reserved,     130.33 MB ( 99%) committed 
      Class space:        1.00 GB reserved,      20.38 MB (  2%) committed 
             Both:        1.13 GB reserved,     150.70 MB ( 13%) committed 

Chunk freelists:
   Non-Class:  59.00 KB
       Class:  19.00 KB
        Both:  78.00 KB

MaxMetaspaceSize: 17179869184.00 GB
CompressedClassSpaceSize: 1.00 GB

CodeHeap 'non-profiled nmethods': size=120000Kb used=8095Kb max_used=8095Kb free=111904Kb
 bounds [0x00000269add40000, 0x00000269ae530000, 0x00000269b5270000]
CodeHeap 'profiled nmethods': size=120000Kb used=31379Kb max_used=31379Kb free=88621Kb
 bounds [0x00000269a6810000, 0x00000269a86d0000, 0x00000269add40000]
CodeHeap 'non-nmethods': size=5760Kb used=2375Kb max_used=2401Kb free=3384Kb
 bounds [0x00000269a6270000, 0x00000269a64e0000, 0x00000269a6810000]
 total_blobs=16747 nmethods=15737 adapters=920
 compilation: enabled
              stopped_count=0, restarted_count=0
 full_count=0

Compilation events (20 events):
Event: 3884.332 Thread 0x00000269bd3e6800 nmethod 18576 0x00000269a86cb190 code [0x00000269a86cb340, 0x00000269a86cb4b8]
Event: 3884.332 Thread 0x00000269bd3e6800 18684       2       com.android.tools.r8.graph.h1::d (29 bytes)
Event: 3884.332 Thread 0x00000269bd3e6800 nmethod 18684 0x00000269a86cb590 code [0x00000269a86cb740, 0x00000269a86cb838]
Event: 3884.332 Thread 0x00000269bd3e6800 18683       2       com.android.tools.r8.code.H::<init> (6 bytes)
Event: 3884.332 Thread 0x00000269bd3e6800 nmethod 18683 0x00000269a86cb910 code [0x00000269a86cbac0, 0x00000269a86cbbf8]
Event: 3884.332 Thread 0x00000269bd3e6800 18685       2       com.android.tools.r8.code.V0::<init> (84 bytes)
Event: 3884.333 Thread 0x00000269bd3e6800 nmethod 18685 0x00000269a86cbd10 code [0x00000269a86cbf00, 0x00000269a86cc268]
Event: 3884.333 Thread 0x00000269bd3e6800 18717 %     3       com.android.tools.r8.t.a.a.a.f.X::d @ 68 (188 bytes)
Event: 3884.334 Thread 0x00000269bd3e3800 nmethod 18680 0x00000269ae526e10 code [0x00000269ae526fa0, 0x00000269ae527238]
Event: 3884.334 Thread 0x00000269bd3e3800 18660       4       com.android.tools.r8.graph.s0::<init> (7 bytes)
Event: 3884.334 Thread 0x00000269bd3e6800 nmethod 18717% 0x00000269a86cc590 code [0x00000269a86cc840, 0x00000269a86cd688]
Event: 3884.334 Thread 0x00000269bd3e3800 nmethod 18660 0x00000269ae527310 code [0x00000269ae5274a0, 0x00000269ae527518]
Event: 3884.335 Thread 0x00000269bd3e3800 18589       4       com.android.tools.r8.t.a.a.a.c::a (10 bytes)
Event: 3884.335 Thread 0x00000269bd3e6800 18716       2       com.android.tools.r8.code.v1::a (4137 bytes)
Event: 3884.336 Thread 0x00000269bd3e3800 nmethod 18589 0x00000269ae527590 code [0x00000269ae527720, 0x00000269ae527778]
Event: 3884.336 Thread 0x00000269bd3e3800 18379       4       com.android.tools.r8.s.b.o::a (39 bytes)
Event: 3884.338 Thread 0x00000269bd3e3800 nmethod 18379 0x00000269ae527810 code [0x00000269ae5279a0, 0x00000269ae527a38]
Event: 3884.338 Thread 0x00000269bd3e3800 18722       4       com.android.tools.r8.dex.c::e (7 bytes)
Event: 3884.339 Thread 0x00000269bd3e3800 nmethod 18722 0x00000269ae527b10 code [0x00000269ae527ca0, 0x00000269ae527d28]
Event: 3884.339 Thread 0x00000269bd3e3800 18401       4       com.android.tools.r8.ir.conversion.N::a (39 bytes)

GC Heap History (20 events):
Event: 3877.535 GC heap after
{Heap after GC invocations=67 (full 0):
 garbage-first heap   total 235520K, used 123090K [0x0000000080000000, 0x0000000100000000)
  region size 1024K, 6 young (6144K), 6 survivors (6144K)
 Metaspace       used 139380K, capacity 142679K, committed 142928K, reserved 1173504K
  class space    used 17713K, capacity 18834K, committed 18944K, reserved 1048576K
}
Event: 3877.645 GC heap before
{Heap before GC invocations=67 (full 0):
 garbage-first heap   total 235520K, used 127186K [0x0000000080000000, 0x0000000100000000)
  region size 1024K, 11 young (11264K), 6 survivors (6144K)
 Metaspace       used 139421K, capacity 142686K, committed 142928K, reserved 1173504K
  class space    used 17719K, capacity 18836K, committed 18944K, reserved 1048576K
}
Event: 3877.692 GC heap after
{Heap after GC invocations=68 (full 0):
 garbage-first heap   total 235520K, used 120583K [0x0000000080000000, 0x0000000100000000)
  region size 1024K, 2 young (2048K), 2 survivors (2048K)
 Metaspace       used 139421K, capacity 142686K, committed 142928K, reserved 1173504K
  class space    used 17719K, capacity 18836K, committed 18944K, reserved 1048576K
}
Event: 3879.478 GC heap before
{Heap before GC invocations=68 (full 0):
 garbage-first heap   total 235520K, used 173831K [0x0000000080000000, 0x0000000100000000)
  region size 1024K, 56 young (57344K), 2 survivors (2048K)
 Metaspace       used 140564K, capacity 143881K, committed 144080K, reserved 1175552K
  class space    used 17898K, capacity 19006K, committed 19072K, reserved 1048576K
}
Event: 3879.495 GC heap after
{Heap after GC invocations=69 (full 0):
 garbage-first heap   total 235520K, used 123266K [0x0000000080000000, 0x0000000100000000)
  region size 1024K, 4 young (4096K), 4 survivors (4096K)
 Metaspace       used 140564K, capacity 143881K, committed 144080K, reserved 1175552K
  class space    used 17898K, capacity 19006K, committed 19072K, reserved 1048576K
}
Event: 3882.278 GC heap before
{Heap before GC invocations=70 (full 0):
 garbage-first heap   total 235520K, used 214402K [0x0000000080000000, 0x0000000100000000)
  region size 1024K, 66 young (67584K), 4 survivors (4096K)
 Metaspace       used 144113K, capacity 147660K, committed 147792K, reserved 1177600K
  class space    used 18424K, capacity 19616K, committed 19712K, reserved 1048576K
}
Event: 3882.362 GC heap after
{Heap after GC invocations=71 (full 0):
 garbage-first heap   total 236544K, used 155686K [0x0000000080000000, 0x0000000100000000)
  region size 1024K, 9 young (9216K), 9 survivors (9216K)
 Metaspace       used 144113K, capacity 147660K, committed 147792K, reserved 1177600K
  class space    used 18424K, capacity 19616K, committed 19712K, reserved 1048576K
}
Event: 3882.372 GC heap before
{Heap before GC invocations=71 (full 0):
 garbage-first heap   total 236544K, used 157734K [0x0000000080000000, 0x0000000100000000)
  region size 1024K, 11 young (11264K), 9 survivors (9216K)
 Metaspace       used 144152K, capacity 147724K, committed 148048K, reserved 1177600K
  class space    used 18427K, capacity 19616K, committed 19712K, reserved 1048576K
}
Event: 3882.400 GC heap after
{Heap after GC invocations=72 (full 0):
 garbage-first heap   total 236544K, used 155941K [0x0000000080000000, 0x0000000100000000)
  region size 1024K, 2 young (2048K), 2 survivors (2048K)
 Metaspace       used 144152K, capacity 147724K, committed 148048K, reserved 1177600K
  class space    used 18427K, capacity 19616K, committed 19712K, reserved 1048576K
}
Event: 3882.657 GC heap before
{Heap before GC invocations=72 (full 0):
 garbage-first heap   total 236544K, used 191781K [0x0000000080000000, 0x0000000100000000)
  region size 1024K, 38 young (38912K), 2 survivors (2048K)
 Metaspace       used 145361K, capacity 148952K, committed 149200K, reserved 1179648K
  class space    used 18592K, capacity 19790K, committed 19840K, reserved 1048576K
}
Event: 3882.766 GC heap after
{Heap after GC invocations=73 (full 0):
 garbage-first heap   total 236544K, used 167936K [0x0000000080000000, 0x0000000100000000)
  region size 1024K, 5 young (5120K), 5 survivors (5120K)
 Metaspace       used 145361K, capacity 148952K, committed 149200K, reserved 1179648K
  class space    used 18592K, capacity 19790K, committed 19840K, reserved 1048576K
}
Event: 3883.057 GC heap before
{Heap before GC invocations=73 (full 0):
 garbage-first heap   total 236544K, used 193536K [0x0000000080000000, 0x0000000100000000)
  region size 1024K, 31 young (31744K), 5 survivors (5120K)
 Metaspace       used 146685K, capacity 150454K, committed 150608K, reserved 1179648K
  class space    used 18867K, capacity 20168K, committed 20224K, reserved 1048576K
}
Event: 3883.090 GC heap after
{Heap after GC invocations=74 (full 0):
 garbage-first heap   total 236544K, used 176850K [0x0000000080000000, 0x0000000100000000)
  region size 1024K, 4 young (4096K), 4 survivors (4096K)
 Metaspace       used 146685K, capacity 150454K, committed 150608K, reserved 1179648K
  class space    used 18867K, capacity 20168K, committed 20224K, reserved 1048576K
}
Event: 3883.326 GC heap before
{Heap before GC invocations=74 (full 0):
 garbage-first heap   total 236544K, used 197330K [0x0000000080000000, 0x0000000100000000)
  region size 1024K, 24 young (24576K), 4 survivors (4096K)
 Metaspace       used 148793K, capacity 152679K, committed 152912K, reserved 1181696K
  class space    used 19273K, capacity 20646K, committed 20736K, reserved 1048576K
}
Event: 3883.347 GC heap after
{Heap after GC invocations=75 (full 0):
 garbage-first heap   total 236544K, used 182272K [0x0000000080000000, 0x0000000100000000)
  region size 1024K, 3 young (3072K), 3 survivors (3072K)
 Metaspace       used 148793K, capacity 152679K, committed 152912K, reserved 1181696K
  class space    used 19273K, capacity 20646K, committed 20736K, reserved 1048576K
}
Event: 3883.585 GC heap before
{Heap before GC invocations=75 (full 0):
 garbage-first heap   total 236544K, used 199680K [0x0000000080000000, 0x0000000100000000)
  region size 1024K, 20 young (20480K), 3 survivors (3072K)
 Metaspace       used 149147K, capacity 153091K, committed 153168K, reserved 1181696K
  class space    used 19334K, capacity 20719K, committed 20736K, reserved 1048576K
}
Event: 3883.646 GC heap after
{Heap after GC invocations=76 (full 0):
 garbage-first heap   total 236544K, used 184396K [0x0000000080000000, 0x0000000100000000)
  region size 1024K, 2 young (2048K), 2 survivors (2048K)
 Metaspace       used 149147K, capacity 153091K, committed 153168K, reserved 1181696K
  class space    used 19334K, capacity 20719K, committed 20736K, reserved 1048576K
}
Event: 3883.962 GC heap before
{Heap before GC invocations=76 (full 0):
 garbage-first heap   total 236544K, used 200780K [0x0000000080000000, 0x0000000100000000)
  region size 1024K, 18 young (18432K), 2 survivors (2048K)
 Metaspace       used 149492K, capacity 153394K, committed 153552K, reserved 1181696K
  class space    used 19363K, capacity 20754K, committed 20864K, reserved 1048576K
}
Event: 3883.971 GC heap after
{Heap after GC invocations=77 (full 0):
 garbage-first heap   total 236544K, used 186454K [0x0000000080000000, 0x0000000100000000)
  region size 1024K, 3 young (3072K), 3 survivors (3072K)
 Metaspace       used 149492K, capacity 153394K, committed 153552K, reserved 1181696K
  class space    used 19363K, capacity 20754K, committed 20864K, reserved 1048576K
}
Event: 3884.349 GC heap before
{Heap before GC invocations=77 (full 0):
 garbage-first heap   total 236544K, used 202838K [0x0000000080000000, 0x0000000100000000)
  region size 1024K, 19 young (19456K), 3 survivors (3072K)
 Metaspace       used 150224K, capacity 154178K, committed 154320K, reserved 1183744K
  class space    used 19439K, capacity 20845K, committed 20864K, reserved 1048576K
}

Deoptimization events (20 events):
Event: 3884.304 Thread 0x00000269c146c800 DEOPT PACKING pc=0x00000269ae51e7e8 sp=0x00000087c23fc000
Event: 3884.304 Thread 0x00000269c146c800 DEOPT UNPACKING pc=0x00000269a62974af sp=0x00000087c23fbfa8 mode 2
Event: 3884.304 Thread 0x00000269c146c800 Uncommon trap: trap_request=0xffffffde fr.pc=0x00000269ae51e7e8 relative=0x0000000000000128
Event: 3884.304 Thread 0x00000269c146c800 Uncommon trap: reason=class_check action=maybe_recompile pc=0x00000269ae51e7e8 method=com.android.tools.r8.s.b.P0.a(Ljava/util/function/Predicate;)Ljava/lang/Object; @ 1 c2
Event: 3884.304 Thread 0x00000269c146c800 DEOPT PACKING pc=0x00000269ae51e7e8 sp=0x00000087c23fc000
Event: 3884.304 Thread 0x00000269c146c800 DEOPT UNPACKING pc=0x00000269a62974af sp=0x00000087c23fbfa8 mode 2
Event: 3884.304 Thread 0x00000269c146c800 Uncommon trap: trap_request=0xffffffde fr.pc=0x00000269ae51e7e8 relative=0x0000000000000128
Event: 3884.304 Thread 0x00000269c146c800 Uncommon trap: reason=class_check action=maybe_recompile pc=0x00000269ae51e7e8 method=com.android.tools.r8.s.b.P0.a(Ljava/util/function/Predicate;)Ljava/lang/Object; @ 1 c2
Event: 3884.304 Thread 0x00000269c146c800 DEOPT PACKING pc=0x00000269ae51e7e8 sp=0x00000087c23fc000
Event: 3884.304 Thread 0x00000269c146c800 DEOPT UNPACKING pc=0x00000269a62974af sp=0x00000087c23fbfa8 mode 2
Event: 3884.304 Thread 0x00000269c146c800 Uncommon trap: trap_request=0xffffffde fr.pc=0x00000269ae51e7e8 relative=0x0000000000000128
Event: 3884.304 Thread 0x00000269c146c800 Uncommon trap: reason=class_check action=maybe_recompile pc=0x00000269ae51e7e8 method=com.android.tools.r8.s.b.P0.a(Ljava/util/function/Predicate;)Ljava/lang/Object; @ 1 c2
Event: 3884.304 Thread 0x00000269c146c800 DEOPT PACKING pc=0x00000269ae51e7e8 sp=0x00000087c23fc000
Event: 3884.304 Thread 0x00000269c146c800 DEOPT UNPACKING pc=0x00000269a62974af sp=0x00000087c23fbfa8 mode 2
Event: 3884.329 Thread 0x00000269c146c800 Uncommon trap: trap_request=0xffffff4d fr.pc=0x00000269add78774 relative=0x0000000000000354
Event: 3884.329 Thread 0x00000269c146c800 Uncommon trap: reason=unstable_if action=reinterpret pc=0x00000269add78774 method=java.util.HashMap$HashIterator.<init>(Ljava/util/HashMap;)V @ 45 c2
Event: 3884.329 Thread 0x00000269c146c800 DEOPT PACKING pc=0x00000269add78774 sp=0x00000087c23fbff0
Event: 3884.329 Thread 0x00000269c146c800 DEOPT UNPACKING pc=0x00000269a62974af sp=0x00000087c23fbfa8 mode 2
Event: 3884.344 Thread 0x00000269c1472000 DEOPT PACKING pc=0x00000269a854b27e sp=0x00000087c29fe2d0
Event: 3884.344 Thread 0x00000269c1472000 DEOPT UNPACKING pc=0x00000269a62972ce sp=0x00000087c29fd858 mode 0

Classes redefined (0 events):
No events

Internal exceptions (20 events):
Event: 3882.248 Thread 0x00000269c146c800 Exception <a 'java/lang/IncompatibleClassChangeError'{0x000000008a795aa0}: Found class java.lang.Object, but interface was expected> (0x000000008a795aa0) thrown at [./src/hotspot/share/interpreter/linkResolver.cpp, line 839]
Event: 3882.913 Thread 0x00000269c146b800 Exception <a 'java/lang/NoSuchMethodError'{0x000000008dc3e060}: 'long java.lang.invoke.DirectMethodHandle$Holder.invokeStatic(java.lang.Object, java.lang.Object)'> (0x000000008dc3e060) thrown at [./src/hotspot/share/interpreter/linkResolver.cpp, line 773]
Event: 3882.913 Thread 0x00000269c1466000 Exception <a 'java/lang/NoSuchMethodError'{0x000000008dde6368}: 'long java.lang.invoke.DirectMethodHandle$Holder.invokeStatic(java.lang.Object, java.lang.Object)'> (0x000000008dde6368) thrown at [./src/hotspot/share/interpreter/linkResolver.cpp, line 773]
Event: 3882.913 Thread 0x00000269c146e000 Exception <a 'java/lang/NoSuchMethodError'{0x000000008dd69888}: 'long java.lang.invoke.DirectMethodHandle$Holder.invokeStatic(java.lang.Object, java.lang.Object)'> (0x000000008dd69888) thrown at [./src/hotspot/share/interpreter/linkResolver.cpp, line 773]
Event: 3882.913 Thread 0x00000269c146c800 Exception <a 'java/lang/NoSuchMethodError'{0x000000008ddfb1b8}: 'long java.lang.invoke.DirectMethodHandle$Holder.invokeStatic(java.lang.Object, java.lang.Object)'> (0x000000008ddfb1b8) thrown at [./src/hotspot/share/interpreter/linkResolver.cpp, line 773]
Event: 3882.913 Thread 0x00000269c146d800 Exception <a 'java/lang/NoSuchMethodError'{0x000000008dd9adc8}: 'long java.lang.invoke.DirectMethodHandle$Holder.invokeStatic(java.lang.Object, java.lang.Object)'> (0x000000008dd9adc8) thrown at [./src/hotspot/share/interpreter/linkResolver.cpp, line 773]
Event: 3882.927 Thread 0x00000269c146e000 Exception <a 'java/lang/NoSuchMethodError'{0x000000008db55520}: 'void java.lang.invoke.DirectMethodHandle$Holder.invokeSpecial(java.lang.Object, java.lang.Object, int, java.lang.Object)'> (0x000000008db55520) thrown at [./src/hotspot/share/interpreter/linkResolver.cpp, line 773]
Event: 3882.928 Thread 0x00000269c146d800 Exception <a 'java/lang/NoSuchMethodError'{0x000000008db20f98}: 'void java.lang.invoke.DirectMethodHandle$Holder.invokeSpecial(java.lang.Object, java.lang.Object, int, java.lang.Object)'> (0x000000008db20f98) thrown at [./src/hotspot/share/interpreter/linkResolver.cpp, line 773]
Event: 3883.121 Thread 0x00000269c146b800 Exception <a 'java/lang/NoSuchMethodError'{0x000000008e3597d0}: 'java.lang.Object java.lang.invoke.DirectMethodHandle$Holder.invokeVirtual(java.lang.Object, java.lang.Object, int, java.lang.Object)'> (0x000000008e3597d0) thrown at [./src/hotspot/share/interpreter/linkResolver.cpp, line 773]
Event: 3883.121 Thread 0x00000269c146c800 Exception <a 'java/lang/NoSuchMethodError'{0x000000008e4f5f88}: 'java.lang.Object java.lang.invoke.DirectMethodHandle$Holder.invokeVirtual(java.lang.Object, java.lang.Object, int, java.lang.Object)'> (0x000000008e4f5f88) thrown at [./src/hotspot/share/interpreter/linkResolver.cpp, line 773]
Event: 3883.121 Thread 0x00000269c146e000 Exception <a 'java/lang/NoSuchMethodError'{0x000000008e3c3918}: 'java.lang.Object java.lang.invoke.DirectMethodHandle$Holder.invokeVirtual(java.lang.Object, java.lang.Object, int, java.lang.Object)'> (0x000000008e3c3918) thrown at [./src/hotspot/share/interpreter/linkResolver.cpp, line 773]
Event: 3883.121 Thread 0x00000269c146d800 Exception <a 'java/lang/NoSuchMethodError'{0x000000008e55bef8}: 'java.lang.Object java.lang.invoke.DirectMethodHandle$Holder.invokeVirtual(java.lang.Object, java.lang.Object, int, java.lang.Object)'> (0x000000008e55bef8) thrown at [./src/hotspot/share/interpreter/linkResolver.cpp, line 773]
Event: 3883.122 Thread 0x00000269c1466000 Exception <a 'java/lang/NoSuchMethodError'{0x000000008e3848d8}: 'java.lang.Object java.lang.invoke.DirectMethodHandle$Holder.invokeVirtual(java.lang.Object, java.lang.Object, int, java.lang.Object)'> (0x000000008e3848d8) thrown at [./src/hotspot/share/interpreter/linkResolver.cpp, line 773]
Event: 3883.159 Thread 0x00000269c146d800 Exception <a 'java/lang/NoSuchMethodError'{0x000000008de376c8}: 'void java.lang.invoke.DirectMethodHandle$Holder.invokeVirtual(java.lang.Object, java.lang.Object, int, java.lang.Object)'> (0x000000008de376c8) thrown at [./src/hotspot/share/interpreter/linkResolver.cpp, line 773]
Event: 3883.159 Thread 0x00000269c1466000 Exception <a 'java/lang/NoSuchMethodError'{0x000000008e2c67e8}: 'void java.lang.invoke.DirectMethodHandle$Holder.invokeVirtual(java.lang.Object, java.lang.Object, int, java.lang.Object)'> (0x000000008e2c67e8) thrown at [./src/hotspot/share/interpreter/linkResolver.cpp, line 773]
Event: 3883.159 Thread 0x00000269c146e000 Exception <a 'java/lang/NoSuchMethodError'{0x000000008de3f698}: 'void java.lang.invoke.DirectMethodHandle$Holder.invokeVirtual(java.lang.Object, java.lang.Object, int, java.lang.Object)'> (0x000000008de3f698) thrown at [./src/hotspot/share/interpreter/linkResolver.cpp, line 773]
Event: 3883.229 Thread 0x00000269c1472000 Exception <a 'java/lang/NoSuchMethodError'{0x000000008d98ccc0}: 'java.lang.Object java.lang.invoke.DirectMethodHandle$Holder.newInvokeSpecial(java.lang.Object, int)'> (0x000000008d98ccc0) thrown at [./src/hotspot/share/interpreter/linkResolver.cpp, line 773]
Event: 3883.231 Thread 0x00000269c1473000 Exception <a 'java/lang/NoSuchMethodError'{0x000000008d985468}: 'java.lang.Object java.lang.invoke.DirectMethodHandle$Holder.newInvokeSpecial(java.lang.Object, int)'> (0x000000008d985468) thrown at [./src/hotspot/share/interpreter/linkResolver.cpp, line 773]
Event: 3883.255 Thread 0x00000269c146b000 Exception <a 'java/lang/NoSuchMethodError'{0x000000008d8bd310}: 'java.lang.Object java.lang.invoke.DirectMethodHandle$Holder.invokeVirtual(java.lang.Object, java.lang.Object, int)'> (0x000000008d8bd310) thrown at [./src/hotspot/share/interpreter/linkResolver.cpp, line 773]
Event: 3884.028 Thread 0x00000269cc15f000 Implicit null exception at 0x00000269adf516af to 0x00000269adf517a0

Events (20 events):
Event: 3884.329 loading class com/android/tools/r8/dex/E done
Event: 3884.329 loading class com/android/tools/r8/dex/D
Event: 3884.329 loading class com/android/tools/r8/dex/D done
Event: 3884.330 loading class com/android/tools/r8/dex/C
Event: 3884.330 loading class com/android/tools/r8/dex/C done
Event: 3884.333 loading class com/android/tools/r8/ir/regalloc/i
Event: 3884.333 loading class com/android/tools/r8/ir/regalloc/i done
Event: 3884.335 loading class com/android/tools/r8/dex/i
Event: 3884.335 loading class com/android/tools/r8/dex/i done
Event: 3884.340 loading class com/android/tools/r8/ir/regalloc/g
Event: 3884.340 loading class com/android/tools/r8/ir/regalloc/g done
Event: 3884.346 Executing VM operation: G1CollectForAllocation
Event: 3884.346 loading class com/android/tools/r8/s/b/V
Event: 3884.346 loading class com/android/tools/r8/s/b/V done
Event: 3884.346 loading class com/android/tools/r8/dex/h
Event: 3884.346 loading class com/android/tools/r8/dex/h done
Event: 3884.347 loading class com/google/common/hash/ChecksumHashFunction$ChecksumHasher
Event: 3884.347 loading class com/google/common/hash/ChecksumHashFunction$ChecksumHasher done
Event: 3884.347 loading class com/android/tools/r8/dex/g
Event: 3884.347 loading class com/android/tools/r8/dex/g done


Dynamic libraries:
0x00007ff640f90000 - 0x00007ff640f9a000 	C:\Program Files\Android\Android Studio\jre\bin\java.exe
0x00007ffb95b70000 - 0x00007ffb95d65000 	C:\WINDOWS\SYSTEM32\ntdll.dll
0x00007ffb94440000 - 0x00007ffb944fd000 	C:\WINDOWS\System32\KERNEL32.DLL
0x00007ffb935f0000 - 0x00007ffb938b8000 	C:\WINDOWS\System32\KERNELBASE.dll
0x00007ffb933c0000 - 0x00007ffb934c0000 	C:\WINDOWS\System32\ucrtbase.dll
0x00007ffb904c0000 - 0x00007ffb904d9000 	C:\Program Files\Android\Android Studio\jre\bin\jli.dll
0x00007ffb81cb0000 - 0x00007ffb81cc7000 	C:\Program Files\Android\Android Studio\jre\bin\VCRUNTIME140.dll
0x00007ffb95650000 - 0x00007ffb957f0000 	C:\WINDOWS\System32\USER32.dll
0x00007ffb93510000 - 0x00007ffb93532000 	C:\WINDOWS\System32\win32u.dll
0x00007ffb926d0000 - 0x00007ffb9296a000 	C:\WINDOWS\WinSxS\amd64_microsoft.windows.common-controls_6595b64144ccf1df_6.0.19041.1052_none_60b8f8fd71f5e8cb\COMCTL32.dll
0x00007ffb93cd0000 - 0x00007ffb93cfa000 	C:\WINDOWS\System32\GDI32.dll
0x00007ffb947c0000 - 0x00007ffb9485e000 	C:\WINDOWS\System32\msvcrt.dll
0x00007ffb932b0000 - 0x00007ffb933bb000 	C:\WINDOWS\System32\gdi32full.dll
0x00007ffb93ae0000 - 0x00007ffb93b7d000 	C:\WINDOWS\System32\msvcp_win.dll
0x00007ffb94960000 - 0x00007ffb94990000 	C:\WINDOWS\System32\IMM32.DLL
0x00007ffb63140000 - 0x00007ffb631dd000 	C:\Program Files\Android\Android Studio\jre\bin\msvcp140.dll
0x00007ffb5e390000 - 0x00007ffb5ee4c000 	C:\Program Files\Android\Android Studio\jre\bin\server\jvm.dll
0x00007ffb95050000 - 0x00007ffb950fc000 	C:\WINDOWS\System32\ADVAPI32.dll
0x00007ffb94ea0000 - 0x00007ffb94f3b000 	C:\WINDOWS\System32\sechost.dll
0x00007ffb95810000 - 0x00007ffb9593b000 	C:\WINDOWS\System32\RPCRT4.dll
0x00007ffb94500000 - 0x00007ffb94508000 	C:\WINDOWS\System32\PSAPI.DLL
0x00007ffb7d890000 - 0x00007ffb7d899000 	C:\WINDOWS\SYSTEM32\WSOCK32.dll
0x00007ffb6faa0000 - 0x00007ffb6fac7000 	C:\WINDOWS\SYSTEM32\WINMM.dll
0x00007ffb8a7d0000 - 0x00007ffb8a7da000 	C:\WINDOWS\SYSTEM32\VERSION.dll
0x00007ffb948f0000 - 0x00007ffb9495b000 	C:\WINDOWS\System32\WS2_32.dll
0x00007ffb90eb0000 - 0x00007ffb90ec2000 	C:\WINDOWS\SYSTEM32\kernel.appcore.dll
0x00007ffb8fbd0000 - 0x00007ffb8fbe1000 	C:\Program Files\Android\Android Studio\jre\bin\verify.dll
0x00007ffb92cc0000 - 0x00007ffb92ea4000 	C:\WINDOWS\SYSTEM32\DBGHELP.DLL
0x00007ffb92a70000 - 0x00007ffb92a9c000 	C:\WINDOWS\SYSTEM32\dbgcore.DLL
0x00007ffb93a50000 - 0x00007ffb93ad3000 	C:\WINDOWS\System32\bcryptPrimitives.dll
0x00007ffb7fb60000 - 0x00007ffb7fb89000 	C:\Program Files\Android\Android Studio\jre\bin\java.dll
0x00007ffb8d6c0000 - 0x00007ffb8d6cb000 	C:\Program Files\Android\Android Studio\jre\bin\jimage.dll
0x00007ffb89760000 - 0x00007ffb89778000 	C:\Program Files\Android\Android Studio\jre\bin\zip.dll
0x00007ffb93d00000 - 0x00007ffb9443f000 	C:\WINDOWS\System32\SHELL32.dll
0x00007ffb90710000 - 0x00007ffb90ea0000 	C:\WINDOWS\SYSTEM32\windows.storage.dll
0x00007ffb94b40000 - 0x00007ffb94e95000 	C:\WINDOWS\System32\combase.dll
0x00007ffb92630000 - 0x00007ffb9265c000 	C:\WINDOWS\SYSTEM32\Wldp.dll
0x00007ffb94fa0000 - 0x00007ffb9504e000 	C:\WINDOWS\System32\SHCORE.dll
0x00007ffb946a0000 - 0x00007ffb946f5000 	C:\WINDOWS\System32\shlwapi.dll
0x00007ffb931f0000 - 0x00007ffb9320f000 	C:\WINDOWS\SYSTEM32\profapi.dll
0x00007ffb7f880000 - 0x00007ffb7f89a000 	C:\Program Files\Android\Android Studio\jre\bin\net.dll
0x00007ffb84ef0000 - 0x00007ffb84ffb000 	C:\WINDOWS\SYSTEM32\WINHTTP.dll
0x00007ffb92330000 - 0x00007ffb9239a000 	C:\WINDOWS\system32\mswsock.dll
0x00007ffb78340000 - 0x00007ffb78354000 	C:\Program Files\Android\Android Studio\jre\bin\nio.dll
0x00007ffb7df80000 - 0x00007ffb7dfa7000 	C:\Users\piotr\.gradle\native\f6784746aeab05261644944871eae4fe03e0ef1612fff0a4a95f87b438bc6780\windows-amd64\native-platform.dll
0x00007ffb85540000 - 0x00007ffb8554a000 	C:\Program Files\Android\Android Studio\jre\bin\management.dll
0x00007ffb7fb50000 - 0x00007ffb7fb5c000 	C:\Program Files\Android\Android Studio\jre\bin\management_ext.dll
0x00007ffb92fd0000 - 0x00007ffb92fe8000 	C:\WINDOWS\SYSTEM32\CRYPTSP.dll
0x00007ffb91d00000 - 0x00007ffb91d34000 	C:\WINDOWS\system32\rsaenh.dll
0x00007ffb93a20000 - 0x00007ffb93a47000 	C:\WINDOWS\System32\bcrypt.dll
0x00007ffb931b0000 - 0x00007ffb931de000 	C:\WINDOWS\SYSTEM32\USERENV.dll
0x00007ffb92620000 - 0x00007ffb9262c000 	C:\WINDOWS\SYSTEM32\CRYPTBASE.dll
0x00007ffb92030000 - 0x00007ffb9206b000 	C:\WINDOWS\SYSTEM32\IPHLPAPI.DLL
0x00007ffb93c40000 - 0x00007ffb93c48000 	C:\WINDOWS\System32\NSI.dll
0x00007ffb8a7e0000 - 0x00007ffb8a7f7000 	C:\WINDOWS\SYSTEM32\dhcpcsvc6.DLL
0x00007ffb8ab30000 - 0x00007ffb8ab4d000 	C:\WINDOWS\SYSTEM32\dhcpcsvc.DLL
0x00007ffb92070000 - 0x00007ffb9213c000 	C:\WINDOWS\SYSTEM32\DNSAPI.dll
0x00007ffb8b550000 - 0x00007ffb8b55b000 	C:\WINDOWS\SYSTEM32\WINNSI.DLL
0x00007ffb74d80000 - 0x00007ffb74da7000 	C:\Program Files\Android\Android Studio\jre\bin\sunec.dll
0x00007ffb85500000 - 0x00007ffb8550a000 	C:\Windows\System32\rasadhlp.dll
0x00007ffb84e70000 - 0x00007ffb84eef000 	C:\WINDOWS\System32\fwpuclnt.dll
0x00007ffb92f90000 - 0x00007ffb92fc3000 	C:\WINDOWS\SYSTEM32\ntmarta.dll
0x00007ffb7b6b0000 - 0x00007ffb7b6ce000 	C:\Users\piotr\AppData\Local\Temp\native-platform708251429733496400dir\native-platform.dll
0x00007ffb7fa90000 - 0x00007ffb7fa98000 	C:\Program Files\Android\Android Studio\jre\bin\rmi.dll

dbghelp: loaded successfully - version: 4.0.5 - missing functions: none
symbol engine: initialized successfully - sym options: 0x614 - pdb path: .;C:\Program Files\Android\Android Studio\jre\bin;C:\WINDOWS\SYSTEM32;C:\WINDOWS\WinSxS\amd64_microsoft.windows.common-controls_6595b64144ccf1df_6.0.19041.1052_none_60b8f8fd71f5e8cb;C:\Program Files\Android\Android Studio\jre\bin\server;C:\Users\piotr\.gradle\native\f6784746aeab05261644944871eae4fe03e0ef1612fff0a4a95f87b438bc6780\windows-amd64;C:\Users\piotr\AppData\Local\Temp\native-platform708251429733496400dir

VM Arguments:
jvm_args: --add-opens=java.base/java.util=ALL-UNNAMED --add-opens=java.base/java.lang=ALL-UNNAMED --add-opens=java.base/java.lang.invoke=ALL-UNNAMED --add-opens=java.prefs/java.util.prefs=ALL-UNNAMED -Xmx2048m -Dfile.encoding=UTF-8 -Duser.country=PL -Duser.language=pl -Duser.variant 
java_command: org.gradle.launcher.daemon.bootstrap.GradleDaemon 6.5
java_class_path (initial): C:\Users\piotr\.gradle\wrapper\dists\gradle-6.5-bin\6nifqtx7604sqp1q6g8wikw7p\gradle-6.5\lib\gradle-launcher-6.5.jar
Launcher Type: SUN_STANDARD

[Global flags]
     intx CICompilerCount                          = 4                                         {product} {ergonomic}
     uint ConcGCThreads                            = 2                                         {product} {ergonomic}
     uint G1ConcRefinementThreads                  = 8                                         {product} {ergonomic}
   size_t G1HeapRegionSize                         = 1048576                                   {product} {ergonomic}
    uintx GCDrainStackTargetSize                   = 64                                        {product} {ergonomic}
   size_t InitialHeapSize                          = 134217728                                 {product} {ergonomic}
   size_t MarkStackSize                            = 4194304                                   {product} {ergonomic}
   size_t MaxHeapSize                              = 2147483648                                {product} {command line}
   size_t MaxNewSize                               = 1287651328                                {product} {ergonomic}
   size_t MinHeapDeltaBytes                        = 1048576                                   {product} {ergonomic}
    uintx NonNMethodCodeHeapSize                   = 5836300                                {pd product} {ergonomic}
    uintx NonProfiledCodeHeapSize                  = 122910970                              {pd product} {ergonomic}
    uintx ProfiledCodeHeapSize                     = 122910970                              {pd product} {ergonomic}
    uintx ReservedCodeCacheSize                    = 251658240                              {pd product} {ergonomic}
     bool SegmentedCodeCache                       = true                                      {product} {ergonomic}
     bool UseCompressedClassPointers               = true                                 {lp64_product} {ergonomic}
     bool UseCompressedOops                        = true                                 {lp64_product} {ergonomic}
     bool UseG1GC                                  = true                                      {product} {ergonomic}
     bool UseLargePagesIndividualAllocation        = false                                  {pd product} {ergonomic}

Logging:
Log output configuration:
 #0: stdout all=warning uptime,level,tags
 #1: stderr all=off uptime,level,tags

Environment Variables:
PATH=C:\Program Files\MinGW\bin;C:\Program Files (x86)\Intel\iCLS Client\;C:\Program Files\Intel\iCLS Client\;C:\WINDOWS\system32;C:\WINDOWS;C:\WINDOWS\System32\Wbem;C:\WINDOWS\System32\WindowsPowerShell\v1.0\;C:\Program Files (x86)\Intel\Intel(R) Management Engine Components\DAL;C:\Program Files\Intel\Intel(R) Management Engine Components\DAL;C:\Program Files (x86)\Intel\Intel(R) Management Engine Components\IPT;C:\Program Files\Intel\Intel(R) Management Engine Components\IPT;C:\WINDOWS\System32\OpenSSH\;C:\Program Files\Intel\WiFi\bin\;C:\Program Files\Common Files\Intel\WirelessCommon\;C:\TDM-GCC-64\bin;C:\Program Files\Microsoft SQL Server\120\Tools\Binn\;C:\Program Files\PuTTY\;C:\Program Files (x86)\IVI Foundation\VISA\WinNT\Bin\;C:\Program Files\IVI Foundation\VISA\Win64\Bin\;C:\Program Files (x86)\National Instruments\Shared\LabVIEW CLI;C:\Program Files (x86)\IVI Foundation\VISA\WinNT\Bin;C:\ProgramData\chocolatey\bin;C:\Program Files (x86)\Yarn\bin\;C:\Program Files\nodejs\;C:\Program Files\Git\cmd;C:\Program Files\MATLAB\R2020b\runtime\win64;C:\Program Files\MATLAB\R2020b\bin;C:\python\Scripts\;C:\python\;C:\Users\piotr\AppData\Local\Microsoft\WindowsApps;;C:\Users\piotr\AppData\Local\Programs\Microsoft VS Code\bin;C:\Users\piotr\AppData\Local\Yarn\bin;C:\Users\piotr\AppData\Roaming\npm;C:\Program Files\JetBrains\IntelliJ IDEA Community Edition 2020.3.2\bin;
USERNAME=piotr
OS=Windows_NT
PROCESSOR_IDENTIFIER=Intel64 Family 6 Model 142 Stepping 10, GenuineIntel



---------------  S Y S T E M  ---------------

OS: Windows 10 , 64 bit Build 19041 (10.0.19041.1023)
OS uptime: 1 days 14:32 hours

CPU:total 8 (initial active 8) (4 cores per cpu, 2 threads per core) family 6 model 142 stepping 10, cmov, cx8, fxsr, mmx, sse, sse2, sse3, ssse3, sse4.1, sse4.2, popcnt, avx, avx2, aes, clmul, erms, 3dnowpref, lzcnt, ht, tsc, tscinvbit, bmi1, bmi2, adx, fma

Memory: 4k page, system-wide physical 8074M (252M free)
TotalPageFile size 32650M (AvailPageFile size 46M)
current process WorkingSet (physical memory assigned to process): 401M, peak: 516M
current process commit charge ("private bytes"): 604M, peak: 678M

vm_info: OpenJDK 64-Bit Server VM (11.0.8+10-b944.6842174) for windows-amd64 JRE (11.0.8+10-b944.6842174), built on Sep 19 2020 01:11:42 by "builder" with MS VC++ 14.0 (VS2015)

END.
